Log file open, 12/09/22 00:17:08
LogWindows: Failed to load 'aqProf.dll' (GetLastError=126)
LogWindows: File 'aqProf.dll' does not exist
LogWindows: Failed to load 'VtuneApi.dll' (GetLastError=126)
LogWindows: File 'VtuneApi.dll' does not exist
LogWindows: Failed to load 'VtuneApi32e.dll' (GetLastError=126)
LogWindows: File 'VtuneApi32e.dll' does not exist
LogConsoleResponse: Display: Failed to find resolution value strings in scalability ini. Falling back to default.
LogConsoleResponse: Display: Failed to find resolution value strings in scalability ini. Falling back to default.
LogInit: Display: Running engine for game: blank
LogPlatformFile: Not using cached read wrapper
LogTaskGraph: Started task graph with 5 named threads and 35 total threads with 3 sets of task threads.
LogStats: Stats thread started at 2.001221
LogICUInternationalization: ICU TimeZone Detection - Raw Offset: +0:00, Platform Override: ''
LogInit: Display: Loading text-based GConfig....
LogPluginManager: Mounting plugin MeshPainting
LogPluginManager: Mounting plugin XGEController
LogPluginManager: Mounting plugin Paper2D
LogPluginManager: Mounting plugin AISupport
LogPluginManager: Mounting plugin EnvironmentQueryEditor
LogPluginManager: Mounting plugin LiveLink
LogPluginManager: Mounting plugin GameplayCameras
LogPluginManager: Mounting plugin CameraShakePreviewer
LogPluginManager: Mounting plugin OodleNetwork
LogPluginManager: Mounting plugin OodleData
LogPluginManager: Mounting plugin AssetManagerEditor
LogPluginManager: Mounting plugin CryptoKeys
LogPluginManager: Mounting plugin CurveEditorTools
LogPluginManager: Mounting plugin DataValidation
LogPluginManager: Mounting plugin FacialAnimation
LogPluginManager: Mounting plugin GameplayTagsEditor
LogPluginManager: Mounting plugin GeometryMode
LogPluginManager: Mounting plugin MacGraphicsSwitching
LogPluginManager: Mounting plugin MaterialAnalyzer
LogPluginManager: Mounting plugin PluginBrowser
LogPluginManager: Mounting plugin MobileLauncherProfileWizard
LogPluginManager: Mounting plugin SpeedTreeImporter
LogPluginManager: Mounting plugin AnimationSharing
LogPluginManager: Mounting plugin CLionSourceCodeAccess
LogPluginManager: Mounting plugin CodeLiteSourceCodeAccess
LogPluginManager: Mounting plugin GitSourceControl
LogPluginManager: Mounting plugin KDevelopSourceCodeAccess
LogPluginManager: Mounting plugin NullSourceCodeAccess
LogPluginManager: Mounting plugin PerforceSourceControl
LogPluginManager: Mounting plugin PixWinPlugin
LogPluginManager: Mounting plugin PlasticSourceControl
LogPluginManager: Mounting plugin PluginUtils
LogPluginManager: Mounting plugin PropertyAccessNode
LogPluginManager: Mounting plugin RiderSourceCodeAccess
LogPluginManager: Mounting plugin SubversionSourceControl
LogPluginManager: Mounting plugin TextureFormatOodle
LogPluginManager: Mounting plugin UObjectPlugin
LogPluginManager: Mounting plugin VisualStudioCodeSourceCodeAccess
LogPluginManager: Mounting plugin VisualStudioSourceCodeAccess
LogPluginManager: Mounting plugin XCodeSourceCodeAccess
LogPluginManager: Mounting plugin DatasmithContent
LogPluginManager: Mounting plugin Niagara
LogPluginManager: Mounting plugin VariantManagerContent
LogPluginManager: Mounting plugin AlembicImporter
LogPluginManager: Mounting plugin BackChannel
LogPluginManager: Mounting plugin AutomationUtils
LogPluginManager: Mounting plugin ChaosCloth
LogPluginManager: Mounting plugin ChaosEditor
LogPluginManager: Mounting plugin ChaosClothEditor
LogPluginManager: Mounting plugin ChaosNiagara
LogPluginManager: Mounting plugin ChaosSolverPlugin
LogPluginManager: Mounting plugin CharacterAI
LogPluginManager: Mounting plugin GeometryCache
LogPluginManager: Mounting plugin GeometryCollectionPlugin
LogPluginManager: Mounting plugin GeometryProcessing
LogPluginManager: Mounting plugin MotoSynth
LogPluginManager: Mounting plugin OpenImageDenoise
LogPluginManager: Mounting plugin PlanarCut
LogPluginManager: Mounting plugin PlatformCrypto
LogPluginManager: Mounting plugin ProxyLODPlugin
LogPluginManager: Mounting plugin PythonScriptPlugin
LogPluginManager: Mounting plugin LuminPlatformFeatures
LogPluginManager: Mounting plugin MagicLeap
LogPluginManager: Mounting plugin SkeletalReduction
LogPluginManager: Mounting plugin MagicLeapLightEstimation
LogPluginManager: Mounting plugin MagicLeapMedia
LogPluginManager: Mounting plugin MLSDK
LogPluginManager: Mounting plugin MagicLeapPassableWorld
LogPluginManager: Mounting plugin AndroidMedia
LogPluginManager: Mounting plugin AvfMedia
LogPluginManager: Mounting plugin ImgMedia
LogPluginManager: Mounting plugin MediaCompositing
LogPluginManager: Mounting plugin MediaPlayerEditor
LogPluginManager: Mounting plugin WebMMedia
LogPluginManager: Mounting plugin WmfMedia
LogPluginManager: Mounting plugin TcpMessaging
LogPluginManager: Mounting plugin UdpMessaging
LogPluginManager: Mounting plugin ActorSequence
LogPluginManager: Mounting plugin LevelSequenceEditor
LogPluginManager: Mounting plugin MatineeToLevelSequence
LogPluginManager: Mounting plugin TemplateSequence
LogPluginManager: Mounting plugin OnlineSubsystem
LogPluginManager: Mounting plugin OnlineSubsystemNull
LogPluginManager: Mounting plugin LauncherChunkInstaller
LogPluginManager: Mounting plugin OnlineSubsystemUtils
LogPluginManager: Mounting plugin ActorLayerUtilities
LogPluginManager: Mounting plugin AndroidDeviceProfileSelector
LogPluginManager: Mounting plugin AndroidMoviePlayer
LogPluginManager: Mounting plugin AndroidPermission
LogPluginManager: Mounting plugin AppleMoviePlayer
LogPluginManager: Mounting plugin AppleImageUtils
LogPluginManager: Mounting plugin ArchVisCharacter
LogPluginManager: Mounting plugin AssetTags
LogPluginManager: Mounting plugin AudioCapture
LogPluginManager: Mounting plugin AudioSynesthesia
LogPluginManager: Mounting plugin CableComponent
LogPluginManager: Mounting plugin ChunkDownloader
LogPluginManager: Mounting plugin CustomMeshComponent
LogPluginManager: Mounting plugin EditableMesh
LogPluginManager: Mounting plugin ExampleDeviceProfileSelector
LogPluginManager: Mounting plugin GoogleCloudMessaging
LogPluginManager: Mounting plugin GooglePAD
LogPluginManager: Mounting plugin LinuxDeviceProfileSelector
LogPluginManager: Mounting plugin IOSDeviceProfileSelector
LogPluginManager: Mounting plugin LocationServicesBPLibrary
LogPluginManager: Mounting plugin MobilePatchingUtils
LogPluginManager: Mounting plugin OpenXR
LogPluginManager: Mounting plugin OpenXREyeTracker
LogPluginManager: Mounting plugin OpenXRHandTracking
LogPluginManager: Mounting plugin PhysXVehicles
LogPluginManager: Mounting plugin PostSplashScreen
LogPluginManager: Mounting plugin ProceduralMeshComponent
LogPluginManager: Mounting plugin PropertyAccessEditor
LogPluginManager: Mounting plugin RuntimePhysXCooking
LogPluginManager: Mounting plugin SignificanceManager
LogPluginManager: Mounting plugin SoundFields
LogPluginManager: Mounting plugin Synthesis
LogPluginManager: Mounting plugin WebMMoviePlayer
LogPluginManager: Mounting plugin WindowsMoviePlayer
LogPluginManager: Mounting plugin ScreenshotTools
LogPluginManager: Mounting plugin LightPropagationVolume
LogPluginManager: Mounting plugin Takes
LogPluginManager: Mounting plugin ContentBrowserAssetDataSource
LogPluginManager: Mounting plugin ContentBrowserClassDataSource
LogPluginManager: Mounting plugin ContentBrowserFileDataSource
LogPluginManager: Mounting plugin OnlineSubsystemGooglePlay
LogPluginManager: Mounting plugin OnlineSubsystemIOS
LogPluginManager: Mounting plugin OculusVR
LogPluginManager: Mounting plugin SteamVR
PixWinPlugin: PIX capture plugin failed to initialize! Check that the process is launched from PIX.
LogInit: Using libcurl 7.55.1-DEV
LogInit:  - built for x86_64-pc-win32
LogInit:  - supports SSL with OpenSSL/1.1.1
LogInit:  - supports HTTP deflate (compression) using libz 1.2.8
LogInit:  - other features:
LogInit:      CURL_VERSION_SSL
LogInit:      CURL_VERSION_LIBZ
LogInit:      CURL_VERSION_IPV6
LogInit:      CURL_VERSION_ASYNCHDNS
LogInit:      CURL_VERSION_LARGEFILE
LogInit:      CURL_VERSION_IDN
LogInit:  CurlRequestOptions (configurable via config and command line):
LogInit:  - bVerifyPeer = true  - Libcurl will verify peer certificate
LogInit:  - bUseHttpProxy = false  - Libcurl will NOT use HTTP proxy
LogInit:  - bDontReuseConnections = false  - Libcurl will reuse connections
LogInit:  - MaxHostConnections = 16  - Libcurl will limit the number of connections to a host
LogInit:  - LocalHostAddr = Default
LogInit:  - BufferSize = 65536
LogOnline: OSS: Creating online subsystem instance for: NULL
LogInit: WinSock: version 1.1 (2.2), MaxSocks=32767, MaxUdp=65467
LogOnline: OSS: TryLoadSubsystemAndSetDefault: Loaded subsystem for module [NULL]
LogOculusPluginWrapper: OculusPlugin initialized successfully
LogHMD: Failed initializing OVRPlugin 1.59.0
LogInit: Build: ++UE4+Release-4.27-CL-18319896
LogInit: Engine Version: 4.27.2-18319896+++UE4+Release-4.27
LogInit: Compatible Engine Version: 4.27.0-17155196+++UE4+Release-4.27
LogInit: Net CL: 17155196
LogInit: OS: Windows 10 (Release 2009) (), CPU: AMD Ryzen 5 2600 Six-Core Processor            , GPU: NVIDIA GeForce GTX 970
LogInit: Compiled (64-bit): Nov 30 2021 07:12:08
LogInit: Compiled with Visual C++: 19.24.28315.00
LogInit: Build Configuration: Development
LogInit: Branch Name: ++UE4+Release-4.27
LogInit: Command Line: 
LogInit: Base Directory: E:/New folder/New folder/unreal/UE_4.27/Engine/Binaries/Win64/
LogInit: Allocator: TBB
LogInit: Installed Engine Build: 1
LogDevObjectVersion: Number of dev versions registered: 29
LogDevObjectVersion:   Dev-Blueprints (B0D832E4-1F89-4F0D-ACCF-7EB736FD4AA2): 10
LogDevObjectVersion:   Dev-Build (E1C64328-A22C-4D53-A36C-8E866417BD8C): 0
LogDevObjectVersion:   Dev-Core (375EC13C-06E4-48FB-B500-84F0262A717E): 4
LogDevObjectVersion:   Dev-Editor (E4B068ED-F494-42E9-A231-DA0B2E46BB41): 40
LogDevObjectVersion:   Dev-Framework (CFFC743F-43B0-4480-9391-14DF171D2073): 37
LogDevObjectVersion:   Dev-Mobile (B02B49B5-BB20-44E9-A304-32B752E40360): 3
LogDevObjectVersion:   Dev-Networking (A4E4105C-59A1-49B5-A7C5-40C4547EDFEE): 0
LogDevObjectVersion:   Dev-Online (39C831C9-5AE6-47DC-9A44-9C173E1C8E7C): 0
LogDevObjectVersion:   Dev-Physics (78F01B33-EBEA-4F98-B9B4-84EACCB95AA2): 14
LogDevObjectVersion:   Dev-Platform (6631380F-2D4D-43E0-8009-CF276956A95A): 0
LogDevObjectVersion:   Dev-Rendering (12F88B9F-8875-4AFC-A67C-D90C383ABD29): 45
LogDevObjectVersion:   Dev-Sequencer (7B5AE74C-D270-4C10-A958-57980B212A5A): 13
LogDevObjectVersion:   Dev-VR (D7296918-1DD6-4BDD-9DE2-64A83CC13884): 3
LogDevObjectVersion:   Dev-LoadTimes (C2A15278-BFE7-4AFE-6C17-90FF531DF755): 1
LogDevObjectVersion:   Private-Geometry (6EACA3D4-40EC-4CC1-B786-8BED09428FC5): 3
LogDevObjectVersion:   Dev-AnimPhys (29E575DD-E0A3-4627-9D10-D276232CDCEA): 17
LogDevObjectVersion:   Dev-Anim (AF43A65D-7FD3-4947-9873-3E8ED9C1BB05): 15
LogDevObjectVersion:   Dev-ReflectionCapture (6B266CEC-1EC7-4B8F-A30B-E4D90942FC07): 1
LogDevObjectVersion:   Dev-Automation (0DF73D61-A23F-47EA-B727-89E90C41499A): 1
LogDevObjectVersion:   FortniteMain (601D1886-AC64-4F84-AA16-D3DE0DEAC7D6): 47
LogDevObjectVersion:   FortniteRelease (E7086368-6B23-4C58-8439-1B7016265E91): 1
LogDevObjectVersion:   Dev-Enterprise (9DFFBCD6-494F-0158-E221-12823C92A888): 10
LogDevObjectVersion:   Dev-Niagara (F2AED0AC-9AFE-416F-8664-AA7FFA26D6FC): 1
LogDevObjectVersion:   Dev-Destruction (174F1F0B-B4C6-45A5-B13F-2EE8D0FB917D): 10
LogDevObjectVersion:   Dev-Physics-Ext (35F94A83-E258-406C-A318-09F59610247C): 41
LogDevObjectVersion:   Dev-PhysicsMaterial-Chaos (B68FC16E-8B1B-42E2-B453-215C058844FE): 1
LogDevObjectVersion:   Dev-CineCamera (B2E18506-4273-CFC2-A54E-F4BB758BBA07): 1
LogDevObjectVersion:   Dev-VirtualProduction (64F58936-FD1B-42BA-BA96-7289D5D0FA4E): 1
LogDevObjectVersion:   Dev-MediaFramework (6F0ED827-A609-4895-9C91-998D90180EA4): 2
LogInit: Presizing for max 25165824 objects, including 0 objects not considered by GC, pre-allocating 0 bytes for permanent pool.
LogConfig: Applying CVar settings from Section [/Script/Engine.StreamingSettings] File [C:/Users/Liam/Desktop/New folder (5)/here/test2/Saved/Config/Windows/Engine.ini]
LogConfig: Setting CVar [[s.MinBulkDataSizeForAsyncLoading:131072]]
LogConfig: Setting CVar [[s.AsyncLoadingThreadEnabled:0]]
LogConfig: Setting CVar [[s.EventDrivenLoaderEnabled:1]]
LogConfig: Setting CVar [[s.WarnIfTimeLimitExceeded:0]]
LogConfig: Setting CVar [[s.TimeLimitExceededMultiplier:1.5]]
LogConfig: Setting CVar [[s.TimeLimitExceededMinTime:0.005]]
LogConfig: Setting CVar [[s.UseBackgroundLevelStreaming:1]]
LogConfig: Setting CVar [[s.PriorityAsyncLoadingExtraTime:15.0]]
LogConfig: Setting CVar [[s.LevelStreamingActorsUpdateTimeLimit:5.0]]
LogConfig: Setting CVar [[s.PriorityLevelStreamingActorsUpdateExtraTime:5.0]]
LogConfig: Setting CVar [[s.LevelStreamingComponentsRegistrationGranularity:10]]
LogConfig: Setting CVar [[s.UnregisterComponentsTimeLimit:1.0]]
LogConfig: Setting CVar [[s.LevelStreamingComponentsUnregistrationGranularity:5]]
LogConfig: Setting CVar [[s.FlushStreamingOnExit:1]]
LogInit: Object subsystem initialized
LogConfig: Setting CVar [[con.DebugEarlyDefault:1]]
LogConfig: Setting CVar [[r.setres:1280x720]]
[2022.12.09-00.17.09:332][  0]LogConfig: Setting CVar [[r.VSync:0]]
[2022.12.09-00.17.09:332][  0]LogConfig: Setting CVar [[r.RHICmdBypass:0]]
[2022.12.09-00.17.09:332][  0]LogConfig: Applying CVar settings from Section [/Script/Engine.RendererSettings] File [C:/Users/Liam/Desktop/New folder (5)/here/test2/Saved/Config/Windows/Engine.ini]
[2022.12.09-00.17.09:332][  0]LogConfig: Setting CVar [[r.GPUCrashDebugging:0]]
[2022.12.09-00.17.09:332][  0]LogConfig: Applying CVar settings from Section [/Script/Engine.RendererOverrideSettings] File [C:/Users/Liam/Desktop/New folder (5)/here/test2/Saved/Config/Windows/Engine.ini]
[2022.12.09-00.17.09:332][  0]LogConfig: Applying CVar settings from Section [/Script/Engine.StreamingSettings] File [C:/Users/Liam/Desktop/New folder (5)/here/test2/Saved/Config/Windows/Engine.ini]
[2022.12.09-00.17.09:332][  0]LogConfig: Setting CVar [[s.MinBulkDataSizeForAsyncLoading:131072]]
[2022.12.09-00.17.09:332][  0]LogConfig: Setting CVar [[s.AsyncLoadingThreadEnabled:0]]
[2022.12.09-00.17.09:332][  0]LogConfig: Setting CVar [[s.EventDrivenLoaderEnabled:1]]
[2022.12.09-00.17.09:332][  0]LogConfig: Setting CVar [[s.WarnIfTimeLimitExceeded:0]]
[2022.12.09-00.17.09:332][  0]LogConfig: Setting CVar [[s.TimeLimitExceededMultiplier:1.5]]
[2022.12.09-00.17.09:332][  0]LogConfig: Setting CVar [[s.TimeLimitExceededMinTime:0.005]]
[2022.12.09-00.17.09:332][  0]LogConfig: Setting CVar [[s.UseBackgroundLevelStreaming:1]]
[2022.12.09-00.17.09:332][  0]LogConfig: Setting CVar [[s.PriorityAsyncLoadingExtraTime:15.0]]
[2022.12.09-00.17.09:332][  0]LogConfig: Setting CVar [[s.LevelStreamingActorsUpdateTimeLimit:5.0]]
[2022.12.09-00.17.09:332][  0]LogConfig: Setting CVar [[s.PriorityLevelStreamingActorsUpdateExtraTime:5.0]]
[2022.12.09-00.17.09:332][  0]LogConfig: Setting CVar [[s.LevelStreamingComponentsRegistrationGranularity:10]]
[2022.12.09-00.17.09:332][  0]LogConfig: Setting CVar [[s.UnregisterComponentsTimeLimit:1.0]]
[2022.12.09-00.17.09:332][  0]LogConfig: Setting CVar [[s.LevelStreamingComponentsUnregistrationGranularity:5]]
[2022.12.09-00.17.09:332][  0]LogConfig: Setting CVar [[s.FlushStreamingOnExit:1]]
[2022.12.09-00.17.09:332][  0]LogConfig: Applying CVar settings from Section [/Script/Engine.GarbageCollectionSettings] File [C:/Users/Liam/Desktop/New folder (5)/here/test2/Saved/Config/Windows/Engine.ini]
[2022.12.09-00.17.09:332][  0]LogConfig: Setting CVar [[gc.MaxObjectsNotConsideredByGC:1]]
[2022.12.09-00.17.09:332][  0]LogConfig: Setting CVar [[gc.SizeOfPermanentObjectPool:0]]
[2022.12.09-00.17.09:332][  0]LogConfig: Setting CVar [[gc.FlushStreamingOnGC:0]]
[2022.12.09-00.17.09:332][  0]LogConfig: Setting CVar [[gc.NumRetriesBeforeForcingGC:10]]
[2022.12.09-00.17.09:332][  0]LogConfig: Setting CVar [[gc.AllowParallelGC:1]]
[2022.12.09-00.17.09:332][  0]LogConfig: Setting CVar [[gc.TimeBetweenPurgingPendingKillObjects:61.1]]
[2022.12.09-00.17.09:332][  0]LogConfig: Setting CVar [[gc.MaxObjectsInEditor:25165824]]
[2022.12.09-00.17.09:332][  0]LogConfig: Setting CVar [[gc.IncrementalBeginDestroyEnabled:1]]
[2022.12.09-00.17.09:332][  0]LogConfig: Setting CVar [[gc.CreateGCClusters:1]]
[2022.12.09-00.17.09:332][  0]LogConfig: Setting CVar [[gc.MinGCClusterSize:5]]
[2022.12.09-00.17.09:332][  0]LogConfig: Setting CVar [[gc.ActorClusteringEnabled:0]]
[2022.12.09-00.17.09:332][  0]LogConfig: Setting CVar [[gc.BlueprintClusteringEnabled:0]]
[2022.12.09-00.17.09:332][  0]LogConfig: Setting CVar [[gc.UseDisregardForGCOnDedicatedServers:0]]
[2022.12.09-00.17.09:332][  0]LogConfig: Setting CVar [[gc.MultithreadedDestructionEnabled:1]]
[2022.12.09-00.17.09:332][  0]LogConfig: Applying CVar settings from Section [/Script/Engine.NetworkSettings] File [C:/Users/Liam/Desktop/New folder (5)/here/test2/Saved/Config/Windows/Engine.ini]
[2022.12.09-00.17.09:332][  0]LogConfig: Applying CVar settings from Section [/Script/UnrealEd.CookerSettings] File [C:/Users/Liam/Desktop/New folder (5)/here/test2/Saved/Config/Windows/Engine.ini]
[2022.12.09-00.17.09:345][  0]LogConfig: Applying CVar settings from Section [ViewDistanceQuality@3] File [C:/Users/Liam/Desktop/New folder (5)/here/test2/Saved/Config/Windows/Scalability.ini]
[2022.12.09-00.17.09:345][  0]LogConfig: Setting CVar [[r.SkeletalMeshLODBias:0]]
[2022.12.09-00.17.09:345][  0]LogConfig: Setting CVar [[r.ViewDistanceScale:1.0]]
[2022.12.09-00.17.09:345][  0]LogConfig: Applying CVar settings from Section [AntiAliasingQuality@3] File [C:/Users/Liam/Desktop/New folder (5)/here/test2/Saved/Config/Windows/Scalability.ini]
[2022.12.09-00.17.09:345][  0]LogConfig: Setting CVar [[r.PostProcessAAQuality:4]]
[2022.12.09-00.17.09:345][  0]LogConfig: Applying CVar settings from Section [ShadowQuality@3] File [C:/Users/Liam/Desktop/New folder (5)/here/test2/Saved/Config/Windows/Scalability.ini]
[2022.12.09-00.17.09:345][  0]LogConfig: Setting CVar [[r.LightFunctionQuality:1]]
[2022.12.09-00.17.09:345][  0]LogConfig: Setting CVar [[r.ShadowQuality:5]]
[2022.12.09-00.17.09:345][  0]LogConfig: Setting CVar [[r.Shadow.CSM.MaxCascades:10]]
[2022.12.09-00.17.09:345][  0]LogConfig: Setting CVar [[r.Shadow.MaxResolution:2048]]
[2022.12.09-00.17.09:345][  0]LogConfig: Setting CVar [[r.Shadow.MaxCSMResolution:2048]]
[2022.12.09-00.17.09:345][  0]LogConfig: Setting CVar [[r.Shadow.RadiusThreshold:0.01]]
[2022.12.09-00.17.09:345][  0]LogConfig: Setting CVar [[r.Shadow.DistanceScale:1.0]]
[2022.12.09-00.17.09:345][  0]LogConfig: Setting CVar [[r.Shadow.CSM.TransitionScale:1.0]]
[2022.12.09-00.17.09:345][  0]LogConfig: Setting CVar [[r.Shadow.PreShadowResolutionFactor:1.0]]
[2022.12.09-00.17.09:345][  0]LogConfig: Setting CVar [[r.DistanceFieldShadowing:1]]
[2022.12.09-00.17.09:345][  0]LogConfig: Setting CVar [[r.DistanceFieldAO:1]]
[2022.12.09-00.17.09:345][  0]LogConfig: Setting CVar [[r.AOQuality:2]]
[2022.12.09-00.17.09:345][  0]LogConfig: Setting CVar [[r.VolumetricFog:1]]
[2022.12.09-00.17.09:345][  0]LogConfig: Setting CVar [[r.VolumetricFog.GridPixelSize:8]]
[2022.12.09-00.17.09:345][  0]LogConfig: Setting CVar [[r.VolumetricFog.GridSizeZ:128]]
[2022.12.09-00.17.09:345][  0]LogConfig: Setting CVar [[r.VolumetricFog.HistoryMissSupersampleCount:4]]
[2022.12.09-00.17.09:345][  0]LogConfig: Setting CVar [[r.LightMaxDrawDistanceScale:1]]
[2022.12.09-00.17.09:345][  0]LogConfig: Setting CVar [[r.CapsuleShadows:1]]
[2022.12.09-00.17.09:346][  0]LogConfig: Applying CVar settings from Section [PostProcessQuality@3] File [C:/Users/Liam/Desktop/New folder (5)/here/test2/Saved/Config/Windows/Scalability.ini]
[2022.12.09-00.17.09:346][  0]LogConfig: Setting CVar [[r.MotionBlurQuality:4]]
[2022.12.09-00.17.09:346][  0]LogConfig: Setting CVar [[r.AmbientOcclusionMipLevelFactor:0.4]]
[2022.12.09-00.17.09:346][  0]LogConfig: Setting CVar [[r.AmbientOcclusionMaxQuality:100]]
[2022.12.09-00.17.09:346][  0]LogConfig: Setting CVar [[r.AmbientOcclusionLevels:-1]]
[2022.12.09-00.17.09:346][  0]LogConfig: Setting CVar [[r.AmbientOcclusionRadiusScale:1.0]]
[2022.12.09-00.17.09:346][  0]LogConfig: Setting CVar [[r.DepthOfFieldQuality:2]]
[2022.12.09-00.17.09:346][  0]LogConfig: Setting CVar [[r.RenderTargetPoolMin:400]]
[2022.12.09-00.17.09:346][  0]LogConfig: Setting CVar [[r.LensFlareQuality:2]]
[2022.12.09-00.17.09:346][  0]LogConfig: Setting CVar [[r.SceneColorFringeQuality:1]]
[2022.12.09-00.17.09:346][  0]LogConfig: Setting CVar [[r.EyeAdaptationQuality:2]]
[2022.12.09-00.17.09:346][  0]LogConfig: Setting CVar [[r.BloomQuality:5]]
[2022.12.09-00.17.09:346][  0]LogConfig: Setting CVar [[r.FastBlurThreshold:100]]
[2022.12.09-00.17.09:346][  0]LogConfig: Setting CVar [[r.Upscale.Quality:3]]
[2022.12.09-00.17.09:346][  0]LogConfig: Setting CVar [[r.Tonemapper.GrainQuantization:1]]
[2022.12.09-00.17.09:346][  0]LogConfig: Setting CVar [[r.LightShaftQuality:1]]
[2022.12.09-00.17.09:346][  0]LogConfig: Setting CVar [[r.Filter.SizeScale:1]]
[2022.12.09-00.17.09:346][  0]LogConfig: Setting CVar [[r.Tonemapper.Quality:5]]
[2022.12.09-00.17.09:346][  0]LogConfig: Setting CVar [[r.DOF.Gather.AccumulatorQuality:1        ; higher gathering accumulator quality]]
[2022.12.09-00.17.09:346][  0]LogConfig: Setting CVar [[r.DOF.Gather.PostfilterMethod:1          ; Median3x3 postfilering method]]
[2022.12.09-00.17.09:346][  0]LogConfig: Setting CVar [[r.DOF.Gather.EnableBokehSettings:0       ; no bokeh simulation when gathering]]
[2022.12.09-00.17.09:346][  0]LogConfig: Setting CVar [[r.DOF.Gather.RingCount:4                 ; medium number of samples when gathering]]
[2022.12.09-00.17.09:346][  0]LogConfig: Setting CVar [[r.DOF.Scatter.ForegroundCompositing:1    ; additive foreground scattering]]
[2022.12.09-00.17.09:346][  0]LogConfig: Setting CVar [[r.DOF.Scatter.BackgroundCompositing:2    ; additive background scattering]]
[2022.12.09-00.17.09:346][  0]LogConfig: Setting CVar [[r.DOF.Scatter.EnableBokehSettings:1      ; bokeh simulation when scattering]]
[2022.12.09-00.17.09:346][  0]LogConfig: Setting CVar [[r.DOF.Scatter.MaxSpriteRatio:0.1         ; only a maximum of 10% of scattered bokeh]]
[2022.12.09-00.17.09:346][  0]LogConfig: Setting CVar [[r.DOF.Recombine.Quality:1                ; cheap slight out of focus]]
[2022.12.09-00.17.09:346][  0]LogConfig: Setting CVar [[r.DOF.Recombine.EnableBokehSettings:0    ; no bokeh simulation on slight out of focus]]
[2022.12.09-00.17.09:346][  0]LogConfig: Setting CVar [[r.DOF.TemporalAAQuality:1                ; more stable temporal accumulation]]
[2022.12.09-00.17.09:346][  0]LogConfig: Setting CVar [[r.DOF.Kernel.MaxForegroundRadius:0.025]]
[2022.12.09-00.17.09:346][  0]LogConfig: Setting CVar [[r.DOF.Kernel.MaxBackgroundRadius:0.025]]
[2022.12.09-00.17.09:346][  0]LogConfig: Applying CVar settings from Section [TextureQuality@3] File [C:/Users/Liam/Desktop/New folder (5)/here/test2/Saved/Config/Windows/Scalability.ini]
[2022.12.09-00.17.09:346][  0]LogConfig: Setting CVar [[r.Streaming.MipBias:0]]
[2022.12.09-00.17.09:346][  0]LogConfig: Setting CVar [[r.Streaming.AmortizeCPUToGPUCopy:0]]
[2022.12.09-00.17.09:346][  0]LogConfig: Setting CVar [[r.Streaming.MaxNumTexturesToStreamPerFrame:0]]
[2022.12.09-00.17.09:346][  0]LogConfig: Setting CVar [[r.Streaming.Boost:1]]
[2022.12.09-00.17.09:346][  0]LogConfig: Setting CVar [[r.MaxAnisotropy:8]]
[2022.12.09-00.17.09:346][  0]LogConfig: Setting CVar [[r.VT.MaxAnisotropy:8]]
[2022.12.09-00.17.09:346][  0]LogConfig: Setting CVar [[r.Streaming.LimitPoolSizeToVRAM:0]]
[2022.12.09-00.17.09:346][  0]LogConfig: Setting CVar [[r.Streaming.PoolSize:1000]]
[2022.12.09-00.17.09:346][  0]LogConfig: Setting CVar [[r.Streaming.MaxEffectiveScreenSize:0]]
[2022.12.09-00.17.09:346][  0]LogConfig: Applying CVar settings from Section [EffectsQuality@3] File [C:/Users/Liam/Desktop/New folder (5)/here/test2/Saved/Config/Windows/Scalability.ini]
[2022.12.09-00.17.09:346][  0]LogConfig: Setting CVar [[r.TranslucencyLightingVolumeDim:64]]
[2022.12.09-00.17.09:346][  0]LogConfig: Setting CVar [[r.RefractionQuality:2]]
[2022.12.09-00.17.09:346][  0]LogConfig: Setting CVar [[r.SSR.Quality:3]]
[2022.12.09-00.17.09:346][  0]LogConfig: Setting CVar [[r.SSR.HalfResSceneColor:0]]
[2022.12.09-00.17.09:346][  0]LogConfig: Setting CVar [[r.SceneColorFormat:4]]
[2022.12.09-00.17.09:346][  0]LogConfig: Setting CVar [[r.DetailMode:2]]
[2022.12.09-00.17.09:346][  0]LogConfig: Setting CVar [[r.TranslucencyVolumeBlur:1]]
[2022.12.09-00.17.09:346][  0]LogConfig: Setting CVar [[r.MaterialQualityLevel:1 ; High quality]]
[2022.12.09-00.17.09:346][  0]LogConfig: Setting CVar [[r.AnisotropicMaterials:1]]
[2022.12.09-00.17.09:346][  0]LogConfig: Setting CVar [[r.SSS.Scale:1]]
[2022.12.09-00.17.09:346][  0]LogConfig: Setting CVar [[r.SSS.SampleSet:2]]
[2022.12.09-00.17.09:346][  0]LogConfig: Setting CVar [[r.SSS.Quality:1]]
[2022.12.09-00.17.09:346][  0]LogConfig: Setting CVar [[r.SSS.HalfRes:0]]
[2022.12.09-00.17.09:346][  0]LogConfig: Setting CVar [[r.SSGI.Quality:3]]
[2022.12.09-00.17.09:346][  0]LogConfig: Setting CVar [[r.EmitterSpawnRateScale:1.0]]
[2022.12.09-00.17.09:346][  0]LogConfig: Setting CVar [[r.ParticleLightQuality:2]]
[2022.12.09-00.17.09:346][  0]LogConfig: Setting CVar [[r.SkyAtmosphere.AerialPerspectiveLUT.FastApplyOnOpaque:1 ; Always have FastSkyLUT 1 in this case to avoid wrong sky]]
[2022.12.09-00.17.09:346][  0]LogConfig: Setting CVar [[r.SkyAtmosphere.AerialPerspectiveLUT.SampleCountMaxPerSlice:4]]
[2022.12.09-00.17.09:346][  0]LogConfig: Setting CVar [[r.SkyAtmosphere.AerialPerspectiveLUT.DepthResolution:16.0]]
[2022.12.09-00.17.09:346][  0]LogConfig: Setting CVar [[r.SkyAtmosphere.FastSkyLUT:1]]
[2022.12.09-00.17.09:346][  0]LogConfig: Setting CVar [[r.SkyAtmosphere.FastSkyLUT.SampleCountMin:4.0]]
[2022.12.09-00.17.09:346][  0]LogConfig: Setting CVar [[r.SkyAtmosphere.FastSkyLUT.SampleCountMax:128.0]]
[2022.12.09-00.17.09:346][  0]LogConfig: Setting CVar [[r.SkyAtmosphere.SampleCountMin:4.0]]
[2022.12.09-00.17.09:346][  0]LogConfig: Setting CVar [[r.SkyAtmosphere.SampleCountMax:128.0]]
[2022.12.09-00.17.09:346][  0]LogConfig: Setting CVar [[r.SkyAtmosphere.TransmittanceLUT.UseSmallFormat:0]]
[2022.12.09-00.17.09:346][  0]LogConfig: Setting CVar [[r.SkyAtmosphere.TransmittanceLUT.SampleCount:10.0]]
[2022.12.09-00.17.09:346][  0]LogConfig: Setting CVar [[r.SkyAtmosphere.MultiScatteringLUT.SampleCount:15.0]]
[2022.12.09-00.17.09:346][  0]LogConfig: Setting CVar [[r.SkyLight.RealTimeReflectionCapture:1]]
[2022.12.09-00.17.09:346][  0]LogConfig: Applying CVar settings from Section [FoliageQuality@3] File [C:/Users/Liam/Desktop/New folder (5)/here/test2/Saved/Config/Windows/Scalability.ini]
[2022.12.09-00.17.09:346][  0]LogConfig: Setting CVar [[foliage.DensityScale:1.0]]
[2022.12.09-00.17.09:346][  0]LogConfig: Setting CVar [[grass.DensityScale:1.0]]
[2022.12.09-00.17.09:346][  0]LogConfig: Applying CVar settings from Section [ShadingQuality@3] File [C:/Users/Liam/Desktop/New folder (5)/here/test2/Saved/Config/Windows/Scalability.ini]
[2022.12.09-00.17.09:346][  0]LogConfig: Setting CVar [[r.HairStrands.SkyLighting.IntegrationType:2]]
[2022.12.09-00.17.09:346][  0]LogConfig: Setting CVar [[r.HairStrands.SkyAO.SampleCount:4]]
[2022.12.09-00.17.09:346][  0]LogConfig: Setting CVar [[r.HairStrands.Visibility.MSAA.SamplePerPixel:4]]
[2022.12.09-00.17.09:347][  0]LogInit: Selected Device Profile: [Windows]
[2022.12.09-00.17.09:347][  0]LogInit: Applying CVar settings loaded from the selected device profile: [Windows]
[2022.12.09-00.17.09:347][  0]LogHAL: Display: Platform has ~ 16 GB [17125842944 / 17179869184 / 16], which maps to Larger [LargestMinGB=32, LargerMinGB=12, DefaultMinGB=8, SmallerMinGB=6, SmallestMinGB=0)
[2022.12.09-00.17.09:347][  0]LogInit: Going up to parent DeviceProfile []
[2022.12.09-00.17.09:347][  0]LogConfig: Applying CVar settings from Section [ViewDistanceQuality@3] File [C:/Users/Liam/Desktop/New folder (5)/here/test2/Saved/Config/Windows/Scalability.ini]
[2022.12.09-00.17.09:347][  0]LogConfig: Setting CVar [[r.SkeletalMeshLODBias:0]]
[2022.12.09-00.17.09:347][  0]LogConfig: Setting CVar [[r.ViewDistanceScale:1.0]]
[2022.12.09-00.17.09:347][  0]LogConfig: Applying CVar settings from Section [AntiAliasingQuality@3] File [C:/Users/Liam/Desktop/New folder (5)/here/test2/Saved/Config/Windows/Scalability.ini]
[2022.12.09-00.17.09:347][  0]LogConfig: Setting CVar [[r.PostProcessAAQuality:4]]
[2022.12.09-00.17.09:347][  0]LogConfig: Applying CVar settings from Section [ShadowQuality@3] File [C:/Users/Liam/Desktop/New folder (5)/here/test2/Saved/Config/Windows/Scalability.ini]
[2022.12.09-00.17.09:347][  0]LogConfig: Setting CVar [[r.LightFunctionQuality:1]]
[2022.12.09-00.17.09:347][  0]LogConfig: Setting CVar [[r.ShadowQuality:5]]
[2022.12.09-00.17.09:347][  0]LogConfig: Setting CVar [[r.Shadow.CSM.MaxCascades:10]]
[2022.12.09-00.17.09:347][  0]LogConfig: Setting CVar [[r.Shadow.MaxResolution:2048]]
[2022.12.09-00.17.09:347][  0]LogConfig: Setting CVar [[r.Shadow.MaxCSMResolution:2048]]
[2022.12.09-00.17.09:347][  0]LogConfig: Setting CVar [[r.Shadow.RadiusThreshold:0.01]]
[2022.12.09-00.17.09:347][  0]LogConfig: Setting CVar [[r.Shadow.DistanceScale:1.0]]
[2022.12.09-00.17.09:347][  0]LogConfig: Setting CVar [[r.Shadow.CSM.TransitionScale:1.0]]
[2022.12.09-00.17.09:347][  0]LogConfig: Setting CVar [[r.Shadow.PreShadowResolutionFactor:1.0]]
[2022.12.09-00.17.09:347][  0]LogConfig: Setting CVar [[r.DistanceFieldShadowing:1]]
[2022.12.09-00.17.09:347][  0]LogConfig: Setting CVar [[r.DistanceFieldAO:1]]
[2022.12.09-00.17.09:347][  0]LogConfig: Setting CVar [[r.AOQuality:2]]
[2022.12.09-00.17.09:347][  0]LogConfig: Setting CVar [[r.VolumetricFog:1]]
[2022.12.09-00.17.09:347][  0]LogConfig: Setting CVar [[r.VolumetricFog.GridPixelSize:8]]
[2022.12.09-00.17.09:347][  0]LogConfig: Setting CVar [[r.VolumetricFog.GridSizeZ:128]]
[2022.12.09-00.17.09:347][  0]LogConfig: Setting CVar [[r.VolumetricFog.HistoryMissSupersampleCount:4]]
[2022.12.09-00.17.09:347][  0]LogConfig: Setting CVar [[r.LightMaxDrawDistanceScale:1]]
[2022.12.09-00.17.09:347][  0]LogConfig: Setting CVar [[r.CapsuleShadows:1]]
[2022.12.09-00.17.09:347][  0]LogConfig: Applying CVar settings from Section [PostProcessQuality@3] File [C:/Users/Liam/Desktop/New folder (5)/here/test2/Saved/Config/Windows/Scalability.ini]
[2022.12.09-00.17.09:347][  0]LogConfig: Setting CVar [[r.MotionBlurQuality:4]]
[2022.12.09-00.17.09:347][  0]LogConfig: Setting CVar [[r.AmbientOcclusionMipLevelFactor:0.4]]
[2022.12.09-00.17.09:347][  0]LogConfig: Setting CVar [[r.AmbientOcclusionMaxQuality:100]]
[2022.12.09-00.17.09:347][  0]LogConfig: Setting CVar [[r.AmbientOcclusionLevels:-1]]
[2022.12.09-00.17.09:347][  0]LogConfig: Setting CVar [[r.AmbientOcclusionRadiusScale:1.0]]
[2022.12.09-00.17.09:347][  0]LogConfig: Setting CVar [[r.DepthOfFieldQuality:2]]
[2022.12.09-00.17.09:347][  0]LogConfig: Setting CVar [[r.RenderTargetPoolMin:400]]
[2022.12.09-00.17.09:347][  0]LogConfig: Setting CVar [[r.LensFlareQuality:2]]
[2022.12.09-00.17.09:347][  0]LogConfig: Setting CVar [[r.SceneColorFringeQuality:1]]
[2022.12.09-00.17.09:347][  0]LogConfig: Setting CVar [[r.EyeAdaptationQuality:2]]
[2022.12.09-00.17.09:347][  0]LogConfig: Setting CVar [[r.BloomQuality:5]]
[2022.12.09-00.17.09:347][  0]LogConfig: Setting CVar [[r.FastBlurThreshold:100]]
[2022.12.09-00.17.09:347][  0]LogConfig: Setting CVar [[r.Upscale.Quality:3]]
[2022.12.09-00.17.09:347][  0]LogConfig: Setting CVar [[r.Tonemapper.GrainQuantization:1]]
[2022.12.09-00.17.09:347][  0]LogConfig: Setting CVar [[r.LightShaftQuality:1]]
[2022.12.09-00.17.09:347][  0]LogConfig: Setting CVar [[r.Filter.SizeScale:1]]
[2022.12.09-00.17.09:347][  0]LogConfig: Setting CVar [[r.Tonemapper.Quality:5]]
[2022.12.09-00.17.09:347][  0]LogConfig: Setting CVar [[r.DOF.Gather.AccumulatorQuality:1        ; higher gathering accumulator quality]]
[2022.12.09-00.17.09:347][  0]LogConfig: Setting CVar [[r.DOF.Gather.PostfilterMethod:1          ; Median3x3 postfilering method]]
[2022.12.09-00.17.09:347][  0]LogConfig: Setting CVar [[r.DOF.Gather.EnableBokehSettings:0       ; no bokeh simulation when gathering]]
[2022.12.09-00.17.09:347][  0]LogConfig: Setting CVar [[r.DOF.Gather.RingCount:4                 ; medium number of samples when gathering]]
[2022.12.09-00.17.09:347][  0]LogConfig: Setting CVar [[r.DOF.Scatter.ForegroundCompositing:1    ; additive foreground scattering]]
[2022.12.09-00.17.09:347][  0]LogConfig: Setting CVar [[r.DOF.Scatter.BackgroundCompositing:2    ; additive background scattering]]
[2022.12.09-00.17.09:347][  0]LogConfig: Setting CVar [[r.DOF.Scatter.EnableBokehSettings:1      ; bokeh simulation when scattering]]
[2022.12.09-00.17.09:347][  0]LogConfig: Setting CVar [[r.DOF.Scatter.MaxSpriteRatio:0.1         ; only a maximum of 10% of scattered bokeh]]
[2022.12.09-00.17.09:347][  0]LogConfig: Setting CVar [[r.DOF.Recombine.Quality:1                ; cheap slight out of focus]]
[2022.12.09-00.17.09:347][  0]LogConfig: Setting CVar [[r.DOF.Recombine.EnableBokehSettings:0    ; no bokeh simulation on slight out of focus]]
[2022.12.09-00.17.09:347][  0]LogConfig: Setting CVar [[r.DOF.TemporalAAQuality:1                ; more stable temporal accumulation]]
[2022.12.09-00.17.09:347][  0]LogConfig: Setting CVar [[r.DOF.Kernel.MaxForegroundRadius:0.025]]
[2022.12.09-00.17.09:347][  0]LogConfig: Setting CVar [[r.DOF.Kernel.MaxBackgroundRadius:0.025]]
[2022.12.09-00.17.09:347][  0]LogConfig: Applying CVar settings from Section [TextureQuality@3] File [C:/Users/Liam/Desktop/New folder (5)/here/test2/Saved/Config/Windows/Scalability.ini]
[2022.12.09-00.17.09:347][  0]LogConfig: Setting CVar [[r.Streaming.MipBias:0]]
[2022.12.09-00.17.09:347][  0]LogConfig: Setting CVar [[r.Streaming.AmortizeCPUToGPUCopy:0]]
[2022.12.09-00.17.09:347][  0]LogConfig: Setting CVar [[r.Streaming.MaxNumTexturesToStreamPerFrame:0]]
[2022.12.09-00.17.09:347][  0]LogConfig: Setting CVar [[r.Streaming.Boost:1]]
[2022.12.09-00.17.09:347][  0]LogConfig: Setting CVar [[r.MaxAnisotropy:8]]
[2022.12.09-00.17.09:347][  0]LogConfig: Setting CVar [[r.VT.MaxAnisotropy:8]]
[2022.12.09-00.17.09:347][  0]LogConfig: Setting CVar [[r.Streaming.LimitPoolSizeToVRAM:0]]
[2022.12.09-00.17.09:347][  0]LogConfig: Setting CVar [[r.Streaming.PoolSize:1000]]
[2022.12.09-00.17.09:347][  0]LogConfig: Setting CVar [[r.Streaming.MaxEffectiveScreenSize:0]]
[2022.12.09-00.17.09:347][  0]LogConfig: Applying CVar settings from Section [EffectsQuality@3] File [C:/Users/Liam/Desktop/New folder (5)/here/test2/Saved/Config/Windows/Scalability.ini]
[2022.12.09-00.17.09:348][  0]LogConfig: Setting CVar [[r.TranslucencyLightingVolumeDim:64]]
[2022.12.09-00.17.09:348][  0]LogConfig: Setting CVar [[r.RefractionQuality:2]]
[2022.12.09-00.17.09:348][  0]LogConfig: Setting CVar [[r.SSR.Quality:3]]
[2022.12.09-00.17.09:348][  0]LogConfig: Setting CVar [[r.SSR.HalfResSceneColor:0]]
[2022.12.09-00.17.09:348][  0]LogConfig: Setting CVar [[r.SceneColorFormat:4]]
[2022.12.09-00.17.09:348][  0]LogConfig: Setting CVar [[r.DetailMode:2]]
[2022.12.09-00.17.09:348][  0]LogConfig: Setting CVar [[r.TranslucencyVolumeBlur:1]]
[2022.12.09-00.17.09:348][  0]LogConfig: Setting CVar [[r.MaterialQualityLevel:1 ; High quality]]
[2022.12.09-00.17.09:348][  0]LogConfig: Setting CVar [[r.AnisotropicMaterials:1]]
[2022.12.09-00.17.09:348][  0]LogConfig: Setting CVar [[r.SSS.Scale:1]]
[2022.12.09-00.17.09:348][  0]LogConfig: Setting CVar [[r.SSS.SampleSet:2]]
[2022.12.09-00.17.09:348][  0]LogConfig: Setting CVar [[r.SSS.Quality:1]]
[2022.12.09-00.17.09:348][  0]LogConfig: Setting CVar [[r.SSS.HalfRes:0]]
[2022.12.09-00.17.09:348][  0]LogConfig: Setting CVar [[r.SSGI.Quality:3]]
[2022.12.09-00.17.09:348][  0]LogConfig: Setting CVar [[r.EmitterSpawnRateScale:1.0]]
[2022.12.09-00.17.09:348][  0]LogConfig: Setting CVar [[r.ParticleLightQuality:2]]
[2022.12.09-00.17.09:348][  0]LogConfig: Setting CVar [[r.SkyAtmosphere.AerialPerspectiveLUT.FastApplyOnOpaque:1 ; Always have FastSkyLUT 1 in this case to avoid wrong sky]]
[2022.12.09-00.17.09:348][  0]LogConfig: Setting CVar [[r.SkyAtmosphere.AerialPerspectiveLUT.SampleCountMaxPerSlice:4]]
[2022.12.09-00.17.09:348][  0]LogConfig: Setting CVar [[r.SkyAtmosphere.AerialPerspectiveLUT.DepthResolution:16.0]]
[2022.12.09-00.17.09:348][  0]LogConfig: Setting CVar [[r.SkyAtmosphere.FastSkyLUT:1]]
[2022.12.09-00.17.09:348][  0]LogConfig: Setting CVar [[r.SkyAtmosphere.FastSkyLUT.SampleCountMin:4.0]]
[2022.12.09-00.17.09:348][  0]LogConfig: Setting CVar [[r.SkyAtmosphere.FastSkyLUT.SampleCountMax:128.0]]
[2022.12.09-00.17.09:348][  0]LogConfig: Setting CVar [[r.SkyAtmosphere.SampleCountMin:4.0]]
[2022.12.09-00.17.09:348][  0]LogConfig: Setting CVar [[r.SkyAtmosphere.SampleCountMax:128.0]]
[2022.12.09-00.17.09:348][  0]LogConfig: Setting CVar [[r.SkyAtmosphere.TransmittanceLUT.UseSmallFormat:0]]
[2022.12.09-00.17.09:348][  0]LogConfig: Setting CVar [[r.SkyAtmosphere.TransmittanceLUT.SampleCount:10.0]]
[2022.12.09-00.17.09:348][  0]LogConfig: Setting CVar [[r.SkyAtmosphere.MultiScatteringLUT.SampleCount:15.0]]
[2022.12.09-00.17.09:348][  0]LogConfig: Setting CVar [[r.SkyLight.RealTimeReflectionCapture:1]]
[2022.12.09-00.17.09:348][  0]LogConfig: Applying CVar settings from Section [FoliageQuality@3] File [C:/Users/Liam/Desktop/New folder (5)/here/test2/Saved/Config/Windows/Scalability.ini]
[2022.12.09-00.17.09:348][  0]LogConfig: Setting CVar [[foliage.DensityScale:1.0]]
[2022.12.09-00.17.09:348][  0]LogConfig: Setting CVar [[grass.DensityScale:1.0]]
[2022.12.09-00.17.09:348][  0]LogConfig: Applying CVar settings from Section [ShadingQuality@3] File [C:/Users/Liam/Desktop/New folder (5)/here/test2/Saved/Config/Windows/Scalability.ini]
[2022.12.09-00.17.09:348][  0]LogConfig: Setting CVar [[r.HairStrands.SkyLighting.IntegrationType:2]]
[2022.12.09-00.17.09:348][  0]LogConfig: Setting CVar [[r.HairStrands.SkyAO.SampleCount:4]]
[2022.12.09-00.17.09:348][  0]LogConfig: Setting CVar [[r.HairStrands.Visibility.MSAA.SamplePerPixel:4]]
[2022.12.09-00.17.09:348][  0]LogConfig: Applying CVar settings from Section [Startup] File [../../../Engine/Config/ConsoleVariables.ini]
[2022.12.09-00.17.09:348][  0]LogConfig: Setting CVar [[net.UseAdaptiveNetUpdateFrequency:0]]
[2022.12.09-00.17.09:348][  0]LogConfig: Setting CVar [[p.chaos.AllowCreatePhysxBodies:1]]
[2022.12.09-00.17.09:348][  0]LogConfig: Setting CVar [[fx.SkipVectorVMBackendOptimizations:1]]
[2022.12.09-00.17.09:348][  0]LogConfig: Applying CVar settings from Section [ConsoleVariables] File [C:/Users/Liam/Desktop/New folder (5)/here/test2/Saved/Config/Windows/Engine.ini]
[2022.12.09-00.17.09:348][  0]LogConfig: Applying CVar settings from Section [ConsoleVariables] File [C:/Users/Liam/Desktop/New folder (5)/here/test2/Saved/Config/Windows/Editor.ini]
[2022.12.09-00.17.09:348][  0]LogInit: Computer: LIAMSPC
[2022.12.09-00.17.09:348][  0]LogInit: User: Liam
[2022.12.09-00.17.09:348][  0]LogInit: CPU Page size=4096, Cores=6
[2022.12.09-00.17.09:349][  0]LogInit: High frequency timer resolution =10.000000 MHz
[2022.12.09-00.17.09:349][  0]LogMemory: Memory total: Physical=15.9GB (16GB approx)
[2022.12.09-00.17.09:349][  0]LogMemory: Platform Memory Stats for Windows
[2022.12.09-00.17.09:349][  0]LogMemory: Process Physical Memory: 146.00 MB used, 146.01 MB peak
[2022.12.09-00.17.09:349][  0]LogMemory: Process Virtual Memory: 128.69 MB used, 128.69 MB peak
[2022.12.09-00.17.09:349][  0]LogMemory: Physical Memory: 8841.12 MB used,  7491.36 MB free, 16332.48 MB total
[2022.12.09-00.17.09:349][  0]LogMemory: Virtual Memory: 134194664.00 MB used,  23063.38 MB free, 134217728.00 MB total
[2022.12.09-00.17.09:357][  0]LogWindows: WindowsPlatformFeatures enabled
[2022.12.09-00.17.09:436][  0]LogInit: Physics initialised using underlying interface: PhysX
[2022.12.09-00.17.09:438][  0]LogInit: Using OS detected language (en-GB).
[2022.12.09-00.17.09:438][  0]LogInit: Using OS detected locale (en-GB).
[2022.12.09-00.17.09:450][  0]LogTextLocalizationManager: No specific localization for 'en-GB' exists, so the 'en' localization will be used.
[2022.12.09-00.17.09:649][  0]LogInit: Setting process to per monitor DPI aware
[2022.12.09-00.17.09:664][  0]LogWindowsTextInputMethodSystem: Display: IME system deactivated.
[2022.12.09-00.17.09:686][  0]LogSlate: New Slate User Created.  User Index 0, Is Virtual User: 0
[2022.12.09-00.17.09:686][  0]LogSlate: Slate User Registered.  User Index 0, Is Virtual User: 0
[2022.12.09-00.17.09:932][  0]LogD3D11RHI: Loaded GFSDK_Aftermath_Lib.x64.dll
[2022.12.09-00.17.09:936][  0]LogHMD: Failed to initialize OpenVR with code 110
[2022.12.09-00.17.09:936][  0]LogD3D11RHI: D3D11 min allowed feature level: 11_0
[2022.12.09-00.17.09:936][  0]LogD3D11RHI: D3D11 max allowed feature level: 11_0
[2022.12.09-00.17.09:936][  0]LogD3D11RHI: D3D11 adapters:
[2022.12.09-00.17.10:075][  0]LogD3D11RHI:    0. 'NVIDIA GeForce GTX 970' (Feature Level 11_0)
[2022.12.09-00.17.10:075][  0]LogD3D11RHI:       4043/0/8166 MB DedicatedVideo/DedicatedSystem/SharedSystem, Outputs:2, VendorId:0x10de
[2022.12.09-00.17.10:078][  0]LogD3D11RHI:    1. 'Microsoft Basic Render Driver' (Feature Level 11_0)
[2022.12.09-00.17.10:078][  0]LogD3D11RHI:       0/0/8166 MB DedicatedVideo/DedicatedSystem/SharedSystem, Outputs:0, VendorId:0x1414
[2022.12.09-00.17.10:078][  0]LogD3D11RHI: Chosen D3D11 Adapter:
[2022.12.09-00.17.10:078][  0]LogD3D11RHI:     Description : NVIDIA GeForce GTX 970
[2022.12.09-00.17.10:078][  0]LogD3D11RHI:     VendorId    : 10de
[2022.12.09-00.17.10:078][  0]LogD3D11RHI:     DeviceId    : 13c2
[2022.12.09-00.17.10:078][  0]LogD3D11RHI:     SubSysId    : 85081043
[2022.12.09-00.17.10:078][  0]LogD3D11RHI:     Revision    : 00a1
[2022.12.09-00.17.10:078][  0]LogD3D11RHI:     DedicatedVideoMemory : 4239654912 bytes
[2022.12.09-00.17.10:078][  0]LogD3D11RHI:     DedicatedSystemMemory : 0 bytes
[2022.12.09-00.17.10:078][  0]LogD3D11RHI:     SharedSystemMemory : 8562921472 bytes
[2022.12.09-00.17.10:078][  0]LogD3D11RHI:     AdapterLuid : 0 77008
[2022.12.09-00.17.10:085][  0]LogD3D11RHI: Creating new Direct3DDevice
[2022.12.09-00.17.10:085][  0]LogD3D11RHI:     GPU DeviceId: 0x13c2 (for the marketing name, search the web for "GPU Device Id")
[2022.12.09-00.17.10:085][  0]LogWindows: EnumDisplayDevices:
[2022.12.09-00.17.10:085][  0]LogWindows:    0. 'NVIDIA GeForce GTX 970' (P:0 D:1)
[2022.12.09-00.17.10:086][  0]LogWindows:    1. 'NVIDIA GeForce GTX 970' (P:1 D:1)
[2022.12.09-00.17.10:086][  0]LogWindows:    2. 'NVIDIA GeForce GTX 970' (P:0 D:0)
[2022.12.09-00.17.10:086][  0]LogWindows:    3. 'NVIDIA GeForce GTX 970' (P:0 D:0)
[2022.12.09-00.17.10:086][  0]LogWindows: DebugString: FoundDriverCount:4 
[2022.12.09-00.17.10:086][  0]LogD3D11RHI:     Adapter Name: NVIDIA GeForce GTX 970
[2022.12.09-00.17.10:086][  0]LogD3D11RHI:   Driver Version: 516.94 (internal:31.0.15.1694, unified:516.94)
[2022.12.09-00.17.10:086][  0]LogD3D11RHI:      Driver Date: 7-21-2022
[2022.12.09-00.17.10:087][  0]LogRHI: Texture pool is 2830 MB (70% of 4043 MB)
[2022.12.09-00.17.10:087][  0]LogD3D11RHI: Creating D3DDevice using adapter:
[2022.12.09-00.17.10:087][  0]LogD3D11RHI:     Description : NVIDIA GeForce GTX 970
[2022.12.09-00.17.10:087][  0]LogD3D11RHI:     VendorId    : 10de
[2022.12.09-00.17.10:087][  0]LogD3D11RHI:     DeviceId    : 13c2
[2022.12.09-00.17.10:087][  0]LogD3D11RHI:     SubSysId    : 85081043
[2022.12.09-00.17.10:087][  0]LogD3D11RHI:     Revision    : 00a1
[2022.12.09-00.17.10:087][  0]LogD3D11RHI:     DedicatedVideoMemory : 4239654912 bytes
[2022.12.09-00.17.10:087][  0]LogD3D11RHI:     DedicatedSystemMemory : 0 bytes
[2022.12.09-00.17.10:087][  0]LogD3D11RHI:     SharedSystemMemory : 8562921472 bytes
[2022.12.09-00.17.10:087][  0]LogD3D11RHI:     AdapterLuid : 0 77008
[2022.12.09-00.17.10:163][  0]LogD3D11RHI: RHI has support for 64 bit atomics
[2022.12.09-00.17.10:163][  0]LogD3D11RHI: Async texture creation enabled
[2022.12.09-00.17.10:163][  0]LogD3D11RHI: Array index from any shader is supported
[2022.12.09-00.17.10:182][  0]LogD3D11RHI: GPU Timing Frequency: 1000.000000 (Debug: 2 1)
[2022.12.09-00.17.10:256][  0]LogRHI: GeForceNow SDK initialized: 1
[2022.12.09-00.17.10:776][  0]LogTargetPlatformManager: Display: Loaded TargetPlatform 'AllDesktop'
[2022.12.09-00.17.10:807][  0]LogTargetPlatformManager: Display: Loaded TargetPlatform 'Android'
[2022.12.09-00.17.10:807][  0]LogTargetPlatformManager: Display: Loaded TargetPlatform 'Android_ASTC'
[2022.12.09-00.17.10:807][  0]LogTargetPlatformManager: Display: Loaded TargetPlatform 'Android_DXT'
[2022.12.09-00.17.10:807][  0]LogTargetPlatformManager: Display: Loaded TargetPlatform 'Android_ETC2'
[2022.12.09-00.17.10:807][  0]LogTargetPlatformManager: Display: Loaded TargetPlatform 'AndroidClient'
[2022.12.09-00.17.10:807][  0]LogTargetPlatformManager: Display: Loaded TargetPlatform 'Android_ASTCClient'
[2022.12.09-00.17.10:807][  0]LogTargetPlatformManager: Display: Loaded TargetPlatform 'Android_DXTClient'
[2022.12.09-00.17.10:807][  0]LogTargetPlatformManager: Display: Loaded TargetPlatform 'Android_ETC2Client'
[2022.12.09-00.17.10:807][  0]LogTargetPlatformManager: Display: Loaded TargetPlatform 'Android_Multi'
[2022.12.09-00.17.10:807][  0]LogTargetPlatformManager: Display: Loaded TargetPlatform 'Android_MultiClient'
[2022.12.09-00.17.10:837][  0]LogTargetPlatformManager: Display: Loaded TargetPlatform 'IOSClient'
[2022.12.09-00.17.10:837][  0]LogTargetPlatformManager: Display: Loaded TargetPlatform 'IOS'
[2022.12.09-00.17.10:853][  0]LogTargetPlatformManager: Display: Loaded TargetPlatform 'Linux'
[2022.12.09-00.17.10:860][  0]LogTargetPlatformManager: Display: Loaded TargetPlatform 'LinuxNoEditor'
[2022.12.09-00.17.10:866][  0]LogTargetPlatformManager: Display: Loaded TargetPlatform 'LinuxClient'
[2022.12.09-00.17.10:873][  0]LogTargetPlatformManager: Display: Loaded TargetPlatform 'LinuxServer'
[2022.12.09-00.17.10:889][  0]LogTargetPlatformManager: Display: Loaded TargetPlatform 'LinuxAArch64NoEditor'
[2022.12.09-00.17.10:896][  0]LogTargetPlatformManager: Display: Loaded TargetPlatform 'LinuxAArch64Client'
[2022.12.09-00.17.10:902][  0]LogTargetPlatformManager: Display: Loaded TargetPlatform 'LinuxAArch64Server'
[2022.12.09-00.17.10:940][  0]LogTargetPlatformManager: Display: Loaded TargetPlatform 'Lumin'
[2022.12.09-00.17.10:940][  0]LogTargetPlatformManager: Display: Loaded TargetPlatform 'LuminClient'
[2022.12.09-00.17.10:953][  0]LogTargetPlatformManager: Display: Loaded TargetPlatform 'MacNoEditor'
[2022.12.09-00.17.10:960][  0]LogTargetPlatformManager: Display: Loaded TargetPlatform 'Mac'
[2022.12.09-00.17.10:966][  0]LogTargetPlatformManager: Display: Loaded TargetPlatform 'MacClient'
[2022.12.09-00.17.10:972][  0]LogTargetPlatformManager: Display: Loaded TargetPlatform 'MacServer'
[2022.12.09-00.17.10:989][  0]LogTargetPlatformManager: Display: Loaded TargetPlatform 'TVOSClient'
[2022.12.09-00.17.10:989][  0]LogTargetPlatformManager: Display: Loaded TargetPlatform 'TVOS'
[2022.12.09-00.17.11:003][  0]LogTargetPlatformManager: Display: Loaded TargetPlatform 'WindowsNoEditor'
[2022.12.09-00.17.11:010][  0]LogTargetPlatformManager: Display: Loaded TargetPlatform 'Windows'
[2022.12.09-00.17.11:017][  0]LogTargetPlatformManager: Display: Loaded TargetPlatform 'WindowsClient'
[2022.12.09-00.17.11:023][  0]LogTargetPlatformManager: Display: Loaded TargetPlatform 'WindowsServer'
[2022.12.09-00.17.11:023][  0]LogTargetPlatformManager: Display: Building Assets For Windows
[2022.12.09-00.17.11:036][  0]LogAudioDebug: Display: Lib vorbis DLL was dynamically loaded.
[2022.12.09-00.17.11:109][  0]LogTextureFormatOodle: Display: Oodle Texture 2.9.0 init RDO Off
[2022.12.09-00.17.11:159][  0]LogRendererCore: Ray tracing is disabled. Reason: r.RayTracing=0.
[2022.12.09-00.17.11:159][  0]LogShaderCompilers: Guid format shader working directory is -3 characters bigger than the processId version (C:/Users/Liam/Desktop/New folder (5)/here/test2/Intermediate/Shaders/WorkingDirectory/21500/).
[2022.12.09-00.17.11:160][  0]LogShaderCompilers: Cleaned the shader compiler working directory 'C:/Users/Liam/AppData/Local/Temp/UnrealShaderWorkingDir/8436CF144EC534351100C28827A3FA3E/'.
[2022.12.09-00.17.11:160][  0]LogXGEController: Cannot use XGE Controller as Incredibuild is not installed on this machine.
[2022.12.09-00.17.11:160][  0]LogShaderCompilers: Cannot use XGE Shader Compiler as Incredibuild is not installed on this machine.
[2022.12.09-00.17.11:160][  0]LogShaderCompilers: Display: Using Local Shader Compiler.
[2022.12.09-00.17.12:006][  0]LogDerivedDataCache: Display: Max Cache Size: 512 MB
[2022.12.09-00.17.12:058][  0]LogDerivedDataCache: Loaded boot cache 0.05s 94MB C:/Users/Liam/AppData/Local/UnrealEngine/4.27/DerivedDataCache/Boot.ddc.
[2022.12.09-00.17.12:058][  0]LogDerivedDataCache: Display: Loaded Boot cache: C:/Users/Liam/AppData/Local/UnrealEngine/4.27/DerivedDataCache/Boot.ddc
[2022.12.09-00.17.12:058][  0]LogDerivedDataCache: FDerivedDataBackendGraph:  Pak pak cache file C:/Users/Liam/Desktop/New folder (5)/here/test2/DerivedDataCache/DDC.ddp not found, will not use a pak cache.
[2022.12.09-00.17.12:058][  0]LogDerivedDataCache: Unable to find inner node Pak for hierarchical cache Hierarchy.
[2022.12.09-00.17.12:058][  0]LogDerivedDataCache: FDerivedDataBackendGraph:  CompressedPak pak cache file C:/Users/Liam/Desktop/New folder (5)/here/test2/DerivedDataCache/Compressed.ddp not found, will not use a pak cache.
[2022.12.09-00.17.12:058][  0]LogDerivedDataCache: Unable to find inner node CompressedPak for hierarchical cache Hierarchy.
[2022.12.09-00.17.12:076][  0]LogDerivedDataCache: Display: Pak cache opened for reading ../../../Engine/DerivedDataCache/Compressed.ddp.
[2022.12.09-00.17.12:077][  0]LogDerivedDataCache: FDerivedDataBackendGraph:  EnterprisePak pak cache file ../../../Enterprise/DerivedDataCache/Compressed.ddp not found, will not use a pak cache.
[2022.12.09-00.17.12:077][  0]LogDerivedDataCache: Unable to find inner node EnterprisePak for hierarchical cache Hierarchy.
[2022.12.09-00.17.12:090][  0]LogDerivedDataCache: Speed tests for C:/Users/Liam/AppData/Local/UnrealEngine/Common/DerivedDataCache took 0.01 seconds
[2022.12.09-00.17.12:090][  0]LogDerivedDataCache: Display: Performance to C:/Users/Liam/AppData/Local/UnrealEngine/Common/DerivedDataCache: Latency=0.11ms. RandomReadSpeed=997.20MBs, RandomWriteSpeed=83.95MBs. Assigned SpeedClass 'Local'
[2022.12.09-00.17.12:091][  0]LogDerivedDataCache: Using Local data cache path C:/Users/Liam/AppData/Local/UnrealEngine/Common/DerivedDataCache: Writable
[2022.12.09-00.17.12:091][  0]LogDerivedDataCache: Shared data cache path not found in *engine.ini, will not use an Shared cache.
[2022.12.09-00.17.12:091][  0]LogDerivedDataCache: Unable to find inner node Shared for hierarchical cache Hierarchy.
[2022.12.09-00.17.12:140][  0]LogSlate: Using FreeType 2.10.0
[2022.12.09-00.17.12:141][  0]LogSlate: SlateFontServices - WITH_FREETYPE: 1, WITH_HARFBUZZ: 1
[2022.12.09-00.17.12:166][  0]LogAssetRegistry: FAssetRegistry took 0.0028 seconds to start up
[2022.12.09-00.17.12:439][  0]LogInit: Selected Device Profile: [Windows]
[2022.12.09-00.17.12:439][  0]LogInit: Active device profile: [00000219F1894B00][00000219F128A540 49] Windows
[2022.12.09-00.17.12:439][  0]LogInit: Profiles: [00000219F1894B00][00000219F128A540 49] Windows, [00000219F185E100][00000219F128E680 49] WindowsNoEditor, [00000219F1895900][00000219F12927C0 49] WindowsServer, [00000219F185EE00][00000219F1296900 49] WindowsClient, [00000219F1897C00][00000219F248EA80 49] IOS, [00000219F185CF00][00000219F2492C00 49] iPadAir, [00000219F1897E00][00000219F2496D80 49] iPadAir2, [00000219F1818C00][00000219F249F040 49] IPadPro, [00000219F1818D00][00000219F249B080 49] iPadAir3, [00000219F185FB00][00000219F24A3200 49] iPadAir4, [00000219F181B600][00000219F24A7380 49] iPadMini2, [00000219F185F200][00000219F24AB500 49] iPadMini3, [00000219F181B800][00000219F24AF680 49] iPadMini4, [00000219F185F800][00000219F24B3800 49] iPadMini5, [00000219F1838600][00000219F24BBAC0 49] iPhone6, [00000219F1838700][00000219F24B7B00 49] iPodTouch6, [00000219F1896900][00000219F24C2240 49] iPhone7, [00000219F1896800][00000219F24BE280 49] iPodTouch7, [00000219F1838100][00000219F24C6400 49] iPhone5S, [00000219F1818700][00000219F24CA580 49] iPhone6Plus, [00000219F183A500][00000219F24CE700 49] iPhone6S, [00000219F1819300][00000219F129A840 49] iPhone6SPlus, [00000219F183BB00][00000219F24D2980 49] iPhone7Plus, [00000219F181B500][00000219F24D6AC0 49] iPhoneSE, [00000219F1896600][00000219F24DEC40 49] iPhone8, [00000219F1818600][00000219F24E2DC0 49] iPhone8Plus, [00000219F1896200][00000219F24E6F40 49] iPhoneX, [00000219F181B300][00000219F24EB0C0 49] iPhoneXS, [00000219F1897400][00000219F24EF240 49] iPhoneXSMax, [00000219F181AD00][00000219F24F33C0 49] iPhoneXR, [00000219F1894200][00000219F24F7540 49] iPhone11, [00000219F1819E00][00000219F24FB6C0 49] iPhone11Pro, [00000219F1896A00][00000219F24FF840 49] iPhone11ProMax, [00000219F181B700][00000219F25039C0 49] iPhoneSE2, [00000219F1894D00][00000219F2507B40 49] iPhone12Mini, [00000219F1819F00][00000219F250A140 49] iPhone12, [00000219F1894700][00000219F250E2C0 49] iPhone12Pro, [00000219F1819400][00000219F2512440 49] iPhone12ProMax, [00000219F1894C00][00000219F25165C0 49] iPadPro105, [00000219F1819700][00000219F251A740 49] iPadPro129, [00000219F1894100][00000219F251E8C0 49] iPadPro97, [00000219F181BC00][00000219F24DAA00 49] iPadPro2_129, [00000219F1894800][00000219F2522B40 49] iPad5, [00000219F181B100][00000219F2526C80 49] iPad6, [00000219F1894500][00000219F252ADC0 49] iPad7, [00000219F181A800][00000219F2532F40 49] iPad8, [00000219F1895500][00000219F25370C0 49] iPadPro11, [00000219F1819500][00000219F253B240 49] iPadPro2_11, [00000219F1894F00][00000219F253F3C0 49] iPadPro3_129, [00000219F181AC00][00000219F2543540 49] iPadPro4_129, [00000219F1896500][00000219F25476C0 49] AppleTV, [00000219F1819100][00000219F254B840 49] AppleTV4K, [00000219F1894400][00000219F254F9C0 49] TVOS, [00000219F181A600][00000219F2553B40 49] Mac, [00000219F1897D00][00000219F2556140 49] MacClient, [00000219F1819800][00000219F255A2C0 49] MacNoEditor, [00000219F1897100][00000219F255E440 49] MacServer, [00000219F181B900][00000219F25625C0 49] Linux, [00000219F1894900][00000219F2566740 49] LinuxAArch64, [00000219F181BF00][00000219F256A8C0 49] LinuxNoEditor, [00000219F1895B00][00000219F256EA40 49] LinuxAArch64NoEditor, [00000219F181B400][00000219F252EB80 49] LinuxClient, [00000219F1895C00][00000219F2572CC0 49] LinuxAArch64Client, [00000219F1819D00][00000219F2576E00 49] LinuxServer, [00000219F1896F00][00000219F257AF40 49] LinuxAArch64Server, [00000219F1818500][00000219F25830C0 49] Android, [00000219F1895E00][00000219F2587240 49] Android_Low, [00000219F181B000][00000219F258F3C0 49] Android_Mid, [00000219F1896400][00000219F25B3540 49] Android_High, [00000219F1818800][00000219F264F6C0 49] Android_Default, [00000219F1897200][00000219F2653840 49] Android_Adreno4xx, [00000219F185E400][00000219F104B9C0 49] Android_Adreno5xx_Low, [00000219F1839C00][00000219F2657B40 49] Android_Adreno5xx, [00000219F185FD00][00000219F2680140 49] Android_Adreno6xx, [00000219F183AB00][00000219F26882C0 49] Android_Adreno6xx_Vulkan, [00000219F185FE00][00000219F2AA0440 49] Android_Mali_T6xx, [00000219F1838F00][00000219F2AAE5C0 49] Android_Mali_T7xx, [00000219F185D300][00000219F2AB2740 49] Android_Mali_T8xx, [00000219F1839F00][00000219F2AB68C0 49] Android_Mali_G71, [00000219F185DC00][00000219F2ABAA40 49] Android_Mali_G72, [00000219F183A400][00000219F11EEBC0 49] Android_Mali_G72_Vulkan, [00000219F185F600][00000219F11F2D40 49] Android_Mali_G76, [00000219F183A100][00000219F257EE80 49] Android_Mali_G76_Vulkan, [00000219F185DB00][00000219F11F6FC0 49] Android_Mali_G77, [00000219F1838A00][00000219F11FB100 49] Android_Mali_G77_Vulkan, [00000219F185F400][00000219EAC8B280 49] Android_Mali_G78, [00000219F1839300][00000219EAC97400 49] Android_Mali_G78_Vulkan, [00000219F185E900][00000219F10DF580 49] Android_Mali_G710, [00000219F183BD00][00000219F10E3700 49] Android_Mali_G710_Vulkan, [00000219F185DE00][00000219F27A7880 49] Android_Vulkan_SM5, [00000219F1838900][00000219F27ABA00 49] Android_PowerVR_G6xxx, [00000219F185DF00][00000219F27B3B80 49] Android_PowerVR_GT7xxx, [00000219F183A700][00000219F27C0180 49] Android_PowerVR_GE8xxx, [00000219F185E300][00000219F27C4300 49] Android_PowerVR_GM9xxx, [00000219F183B200][00000219F27C8480 49] Android_PowerVR_GM9xxx_Vulkan, [00000219F185F000][00000219F27CC600 49] Android_TegraK1, [00000219F1839700][00000219E78FC780 49] Android_Unknown_Vulkan, [00000219F185F700][00000219E7914900 49] Lumin, [00000219F1838200][00000219F11BAA80 49] Lumin_Desktop, [00000219F185E200][00000219F11C2C00 49] HoloLens, 
[2022.12.09-00.17.12:589][  0]LogMeshReduction: Using QuadricMeshReduction for automatic static mesh reduction
[2022.12.09-00.17.12:589][  0]LogMeshReduction: Using SimplygonMeshReduction for automatic skeletal mesh reduction
[2022.12.09-00.17.12:589][  0]LogMeshReduction: Using ProxyLODMeshReduction for automatic mesh merging
[2022.12.09-00.17.12:589][  0]LogMeshReduction: No distributed automatic mesh merging module available
[2022.12.09-00.17.12:589][  0]LogMeshMerging: No distributed automatic mesh merging module available
[2022.12.09-00.17.12:611][  0]LogNetVersion: blank 1.0.0, NetCL: 17155196, EngineNetVer: 17, GameNetVer: 0 (Checksum: 1653071901)
[2022.12.09-00.17.13:047][  0]LogTexture: Default maximum texture size for cubemaps generated from long-lat sources has been changed from 512 to unlimited. In order to preserve old behaiour for '/Engine/MapTemplates/Sky/DaylightAmbientCubemap.DaylightAmbientCubemap', its maximum texture size has been explicitly set to 512.
[2022.12.09-00.17.13:103][  0]LogHMD: PokeAHoleMaterial loaded successfully
[2022.12.09-00.17.13:109][  0]LogUObjectArray: 17178 objects as part of root set at end of initial load.
[2022.12.09-00.17.13:109][  0]LogUObjectAllocator: 4302048 out of 0 bytes used by permanent object pool.
[2022.12.09-00.17.13:109][  0]LogUObjectArray: CloseDisregardForGC: 0/0 objects in disregard for GC pool
[2022.12.09-00.17.13:573][  0]LogNiagaraDebuggerClient: Niagara Debugger Client Initialized | Session: 710711044196BF3C45DCA4806DCA562C | Instance: 27DD2B7E4E3B5D16486C8AA2128C11C7 (LIAMSPC-21500).
[2022.12.09-00.17.13:628][  0]LogPython: Using Python 3.7.7
[2022.12.09-00.17.14:361][  0]LogTcpMessaging: Initializing TcpMessaging bridge
[2022.12.09-00.17.14:367][  0]LogUdpMessaging: Initializing bridge on interface 0.0.0.0:0 to multicast group 230.0.0.1:6666.
[2022.12.09-00.17.14:740][  0]SourceControl: Source control is disabled
[2022.12.09-00.17.14:740][  0]SourceControl: Source control is disabled
[2022.12.09-00.17.14:745][  0]SourceControl: Source control is disabled
[2022.12.09-00.17.14:750][  0]SourceControl: Source control is disabled
[2022.12.09-00.17.14:761][  0]SourceControl: Source control is disabled
[2022.12.09-00.17.14:775][  0]LogUProjectInfo: Found projects:
[2022.12.09-00.17.14:784][  0]LogVSAccessor: Display: Unable to create Visual Studio setup instance: 80040154
[2022.12.09-00.17.14:784][  0]LogVSAccessor: Display: Unable to create Visual Studio setup instance: 80040154
[2022.12.09-00.17.14:785][  0]LogVSAccessor: Display: Unable to create Visual Studio setup instance: 80040154
[2022.12.09-00.17.15:024][  0]LogOpenImageDenoise: OIDN starting up
[2022.12.09-00.17.15:103][  0]LogAndroidPermission: UAndroidPermissionCallbackProxy::GetInstance
[2022.12.09-00.17.15:138][  0]LogAudioCaptureCore: Display: No Audio Capture implementations found. Audio input will be silent.
[2022.12.09-00.17.15:138][  0]LogAudioCaptureCore: Display: No Audio Capture implementations found. Audio input will be silent.
[2022.12.09-00.17.15:306][  0]LogCollectionManager: Loaded 0 collections in 0.001188 seconds
[2022.12.09-00.17.15:350][  0]LogFileCache: Scanning file cache for directory 'C:/Users/Liam/Desktop/New folder (5)/here/test2/Saved/Collections/' took 0.00s
[2022.12.09-00.17.15:350][  0]LogFileCache: Scanning file cache for directory 'C:/Users/Liam/Desktop/New folder (5)/here/test2/Content/Developers/Liam/Collections/' took 0.00s
[2022.12.09-00.17.15:350][  0]LogFileCache: Scanning file cache for directory 'C:/Users/Liam/Desktop/New folder (5)/here/test2/Content/Collections/' took 0.00s
[2022.12.09-00.17.15:350][  0]LogOcInput: OculusInput pre-init called
[2022.12.09-00.17.15:609][  0]LogEngine: Initializing Engine...
[2022.12.09-00.17.15:612][  0]LogHMD: Failed to enumerate extensions. Please check that you have a valid OpenXR runtime installed.
[2022.12.09-00.17.15:613][  0]LogHMD: Failed to initialize OpenVR with code 110
[2022.12.09-00.17.15:613][  0]LogMagicLeap: Warning: VR disabled because ZI is not enabled.  To enable, in the editor, Edit -> Project Settings -> Plugins -> Magic Leap Plugin -> Enable Zero Iteration
[2022.12.09-00.17.15:614][  0]LogStats: UGameplayTagsManager::InitializeManager -  0.000 s
[2022.12.09-00.17.15:733][  0]LogInit: Initializing FReadOnlyCVARCache
[2022.12.09-00.17.15:744][  0]LogAIModule: Creating AISystem for world Untitled
[2022.12.09-00.17.15:747][  0]LogAudio: Display: Initializing Audio Device Manager...
[2022.12.09-00.17.15:753][  0]LogAudio: Display: Loading Default Audio Settings Objects...
[2022.12.09-00.17.15:754][  0]LogAudio: Display: No default SoundConcurrencyObject specified (or failed to load).
[2022.12.09-00.17.15:754][  0]LogAudio: Display: Audio Device Manager Initialized
[2022.12.09-00.17.15:754][  0]LogAudio: Display: Creating Audio Device:                 Id: 1, Scope: Shared, Realtime: True
[2022.12.09-00.17.15:754][  0]LogAudioMixer: Display: Audio Mixer Platform Settings:
[2022.12.09-00.17.15:754][  0]LogAudioMixer: Display: 	Sample Rate:						  48000
[2022.12.09-00.17.15:754][  0]LogAudioMixer: Display: 	Callback Buffer Frame Size Requested: 1024
[2022.12.09-00.17.15:754][  0]LogAudioMixer: Display: 	Callback Buffer Frame Size To Use:	  1024
[2022.12.09-00.17.15:754][  0]LogAudioMixer: Display: 	Number of buffers to queue:			  2
[2022.12.09-00.17.15:754][  0]LogAudioMixer: Display: 	Max Channels (voices):				  32
[2022.12.09-00.17.15:754][  0]LogAudioMixer: Display: 	Number of Async Source Workers:		  0
[2022.12.09-00.17.15:754][  0]LogAudio: Display: AudioDevice MaxSources: 32
[2022.12.09-00.17.15:755][  0]LogAudio: Display: Audio Spatialization Plugin: None (built-in).
[2022.12.09-00.17.15:755][  0]LogAudio: Display: Audio Reverb Plugin: None (built-in).
[2022.12.09-00.17.15:755][  0]LogAudio: Display: Audio Occlusion Plugin: None (built-in).
[2022.12.09-00.17.15:755][  0]LogAudioMixer: Display: Initializing audio mixer.
[2022.12.09-00.17.15:789][  0]LogAudioMixer: Display: 0: FrontLeft
[2022.12.09-00.17.15:789][  0]LogAudioMixer: Display: 1: FrontRight
[2022.12.09-00.17.15:840][  0]LogAudioMixer: Display: Using Audio Device Speakers (HyperX Quadcast)
[2022.12.09-00.17.15:842][  0]LogAudioMixer: Display: Initializing Sound Submixes...
[2022.12.09-00.17.15:846][  0]LogAudioMixer: Display: Creating Master Submix 'MasterSubmixDefault'
[2022.12.09-00.17.15:846][  0]LogAudioMixer: Display: Creating Master Submix 'MasterReverbSubmixDefault'
[2022.12.09-00.17.15:847][  0]LogAudioMixer: Display: Creating Master Submix 'MasterEQSubmixDefault'
[2022.12.09-00.17.15:847][  0]LogAudioMixer: FMixerPlatformXAudio2::StartAudioStream() called
[2022.12.09-00.17.15:847][  0]LogAudioMixer: Display: Output buffers initialized: Frames=1024, Channels=2, Samples=2048
[2022.12.09-00.17.15:848][  0]LogAudioMixer: Display: Starting AudioMixerPlatformInterface::RunInternal()
[2022.12.09-00.17.15:848][  0]LogAudioMixer: Display: FMixerPlatformXAudio2::SubmitBuffer() called for the first time
[2022.12.09-00.17.15:848][  0]LogInit: FAudioDevice initialized.
[2022.12.09-00.17.15:848][  0]LogAudio: Display: Audio Device (ID: 1) registered with world 'Untitled'.
[2022.12.09-00.17.15:848][  0]LogNetVersion: Set ProjectVersion to 1.0.0.0. Version Checksum will be recalculated on next use.
[2022.12.09-00.17.16:058][  0]LogDerivedDataCache: Saved boot cache 0.21s 94MB C:/Users/Liam/AppData/Local/UnrealEngine/4.27/DerivedDataCache/Boot.ddc.
[2022.12.09-00.17.16:058][  0]LogInit: Texture streaming: Enabled
[2022.12.09-00.17.16:077][  0]LogAnalytics: Display: [UEEditor.Rocket.Release] APIServer = https://datarouter.ol.epicgames.com/. AppVersion = 4.27.2-18319896+++UE4+Release-4.27
[2022.12.09-00.17.16:083][  0]LogEngineSessionManager: EngineSessionManager initialized
[2022.12.09-00.17.16:083][  0]LogEditorSessionSummary: Verbose: Initializing EditorSessionSummaryWriter for editor session tracking
[2022.12.09-00.17.16:087][  0]LogEditorSessionSummary: EditorSessionSummaryWriter initialized
[2022.12.09-00.17.16:131][  0]LogInit: Transaction tracking system initialized
[2022.12.09-00.17.16:165][  0]BlueprintLog: New page: Editor Load
[2022.12.09-00.17.16:264][  0]LocalizationService: Localization service is disabled
[2022.12.09-00.17.16:307][  0]TimingProfiler: Initialize
[2022.12.09-00.17.16:307][  0]TimingProfiler: OnSessionChanged
[2022.12.09-00.17.16:307][  0]LoadingProfiler: Initialize
[2022.12.09-00.17.16:307][  0]LoadingProfiler: OnSessionChanged
[2022.12.09-00.17.16:307][  0]NetworkingProfiler: Initialize
[2022.12.09-00.17.16:307][  0]NetworkingProfiler: OnSessionChanged
[2022.12.09-00.17.16:307][  0]MemoryProfiler: Initialize
[2022.12.09-00.17.16:307][  0]MemoryProfiler: OnSessionChanged
[2022.12.09-00.17.16:398][  0]LogVSAccessor: Display: Unable to create Visual Studio setup instance: 80040154
[2022.12.09-00.17.16:398][  0]LogVSAccessor: Display: Unable to create Visual Studio setup instance: 80040154
[2022.12.09-00.17.16:399][  0]LogVSAccessor: Display: Unable to create Visual Studio setup instance: 80040154
[2022.12.09-00.17.16:551][  0]LogCook: Display: CookSettings for Memory: MemoryMaxUsedVirtual 0MiB, MemoryMaxUsedPhysical 16384MiB, MemoryMinFreeVirtual 0MiB, MemoryMinFreePhysical 1024MiB
[2022.12.09-00.17.16:551][  0]LogCook: Display: Mobile HDR setting 1
[2022.12.09-00.17.16:840][  0]LogFileCache: Scanning file cache for directory 'C:/Users/Liam/Desktop/New folder (5)/here/test2/Content/' took 0.00s
[2022.12.09-00.17.17:039][  0]LogInit: Display: Engine is initialized. Leaving FEngineLoop::Init()
[2022.12.09-00.17.17:045][  0]SourceControl: Source control is disabled
[2022.12.09-00.17.17:045][  0]LogUnrealEdMisc: Loading editor; pre map load, took 11.674
[2022.12.09-00.17.17:045][  0]Cmd: MAP LOAD FILE="C:/Users/Liam/Desktop/New folder (5)/here/test2/Content/Maps/twinstick.umap" TEMPLATE=0 SHOWPROGRESS=1 FEATURELEVEL=3
[2022.12.09-00.17.17:045][  0]LightingResults: New page: Lighting Build
[2022.12.09-00.17.17:047][  0]LogWorld: UWorld::CleanupWorld for Untitled, bSessionEnded=true, bCleanupResources=true
[2022.12.09-00.17.17:047][  0]LogSlate: InvalidateAllWidgets triggered.  All widgets were invalidated
[2022.12.09-00.17.17:047][  0]MapCheck: New page: Map Check
[2022.12.09-00.17.17:047][  0]LightingResults: New page: Lighting Build
[2022.12.09-00.17.17:051][  0]LogAudio: Display: Audio Device unregistered from world 'None'.
[2022.12.09-00.17.17:054][  0]LogUObjectHash: Compacting FUObjectHashTables data took   0.92ms
[2022.12.09-00.17.17:148][  0]LogAudio: Display: Audio Device (ID: 1) registered with world 'twinstick'.
[2022.12.09-00.17.17:149][  0]LogAIModule: Creating AISystem for world twinstick
[2022.12.09-00.17.17:154][  0]LogEditorServer: Finished looking for orphan Actors (0.000 secs)
[2022.12.09-00.17.17:165][  0]LogUObjectHash: Compacting FUObjectHashTables data took   0.93ms
[2022.12.09-00.17.17:165][  0]Cmd: MAP CHECKDEP NOCLEARLOG
[2022.12.09-00.17.17:165][  0]MapCheck: Map check complete: 0 Error(s), 0 Warning(s), took 0.36ms to complete.
[2022.12.09-00.17.17:165][  0]LogFileHelpers: Loading map 'twinstick' took 0.121
[2022.12.09-00.17.17:167][  0]LogUnrealEdMisc: Total Editor Startup Time, took 11.797
[2022.12.09-00.17.17:304][  0]LogSlate: Updating window title bar state: overlay mode, drag disabled, window buttons hidden, title bar hidden
[2022.12.09-00.17.17:310][  0]LogSlate: Updating window title bar state: overlay mode, drag disabled, window buttons hidden, title bar hidden
[2022.12.09-00.17.17:317][  0]LogSlate: Updating window title bar state: overlay mode, drag disabled, window buttons hidden, title bar hidden
[2022.12.09-00.17.17:324][  0]LogSlate: Updating window title bar state: overlay mode, drag disabled, window buttons hidden, title bar hidden
[2022.12.09-00.17.17:341][  0]LogNativeClassHierarchy: Verbose: Native class hierarchy populated in 0.0109 seconds. Added 3822 classes and 928 folders.
[2022.12.09-00.17.17:345][  0]LogNativeClassHierarchy: Verbose: Native class hierarchy updated for 'WidgetCarousel' in 0.0003 seconds. Added 0 classes and 0 folders.
[2022.12.09-00.17.17:347][  0]LogPakFile: PakFile PrimaryIndexSize=187
[2022.12.09-00.17.17:347][  0]LogPakFile: PakFile PathHashIndexSize=101
[2022.12.09-00.17.17:347][  0]LogPakFile: PakFile FullDirectoryIndexSize=148
[2022.12.09-00.17.17:347][  0]LogShaderLibrary: Display: ShaderCodeLibraryPakFileMountedCallback: PakFile 'E:/New folder/New folder/unreal/UE_4.27/FeaturePacks/FP_FirstPerson.upack' (chunk index -1, root 'root:/') mounted
[2022.12.09-00.17.17:347][  0]LogShaderLibrary: Display: ShaderCodeLibraryPakFileMountedCallback: pending pak file info (ChunkID:-1 Root:root:/ File:E:/New folder/New folder/unreal/UE_4.27/FeaturePacks/FP_FirstPerson.upack)
[2022.12.09-00.17.17:347][  0]LogPakFile: OnPakFileMounted2Time == 0.000059
[2022.12.09-00.17.17:348][  0]LogPakFile: PakFile PrimaryIndexSize=189
[2022.12.09-00.17.17:348][  0]LogPakFile: PakFile PathHashIndexSize=101
[2022.12.09-00.17.17:348][  0]LogPakFile: PakFile FullDirectoryIndexSize=152
[2022.12.09-00.17.17:348][  0]LogShaderLibrary: Display: ShaderCodeLibraryPakFileMountedCallback: PakFile 'E:/New folder/New folder/unreal/UE_4.27/FeaturePacks/FP_FirstPersonBP.upack' (chunk index -1, root 'root:/') mounted
[2022.12.09-00.17.17:348][  0]LogShaderLibrary: Display: ShaderCodeLibraryPakFileMountedCallback: pending pak file info (ChunkID:-1 Root:root:/ File:E:/New folder/New folder/unreal/UE_4.27/FeaturePacks/FP_FirstPersonBP.upack)
[2022.12.09-00.17.17:348][  0]LogPakFile: OnPakFileMounted2Time == 0.000043
[2022.12.09-00.17.17:349][  0]LogPakFile: PakFile PrimaryIndexSize=191
[2022.12.09-00.17.17:349][  0]LogPakFile: PakFile PathHashIndexSize=101
[2022.12.09-00.17.17:349][  0]LogPakFile: PakFile FullDirectoryIndexSize=160
[2022.12.09-00.17.17:349][  0]LogShaderLibrary: Display: ShaderCodeLibraryPakFileMountedCallback: PakFile 'E:/New folder/New folder/unreal/UE_4.27/FeaturePacks/MobileStarterContent.upack' (chunk index -1, root 'root:/') mounted
[2022.12.09-00.17.17:349][  0]LogShaderLibrary: Display: ShaderCodeLibraryPakFileMountedCallback: pending pak file info (ChunkID:-1 Root:root:/ File:E:/New folder/New folder/unreal/UE_4.27/FeaturePacks/MobileStarterContent.upack)
[2022.12.09-00.17.17:349][  0]LogPakFile: OnPakFileMounted2Time == 0.000038
[2022.12.09-00.17.17:350][  0]LogPakFile: PakFile PrimaryIndexSize=185
[2022.12.09-00.17.17:350][  0]LogPakFile: PakFile PathHashIndexSize=101
[2022.12.09-00.17.17:350][  0]LogPakFile: PakFile FullDirectoryIndexSize=148
[2022.12.09-00.17.17:350][  0]LogShaderLibrary: Display: ShaderCodeLibraryPakFileMountedCallback: PakFile 'E:/New folder/New folder/unreal/UE_4.27/FeaturePacks/StarterContent.upack' (chunk index -1, root 'root:/') mounted
[2022.12.09-00.17.17:350][  0]LogShaderLibrary: Display: ShaderCodeLibraryPakFileMountedCallback: pending pak file info (ChunkID:-1 Root:root:/ File:E:/New folder/New folder/unreal/UE_4.27/FeaturePacks/StarterContent.upack)
[2022.12.09-00.17.17:350][  0]LogPakFile: OnPakFileMounted2Time == 0.000039
[2022.12.09-00.17.17:351][  0]LogPakFile: PakFile PrimaryIndexSize=190
[2022.12.09-00.17.17:351][  0]LogPakFile: PakFile PathHashIndexSize=101
[2022.12.09-00.17.17:351][  0]LogPakFile: PakFile FullDirectoryIndexSize=154
[2022.12.09-00.17.17:351][  0]LogShaderLibrary: Display: ShaderCodeLibraryPakFileMountedCallback: PakFile 'E:/New folder/New folder/unreal/UE_4.27/FeaturePacks/TP_2DSideScroller.upack' (chunk index -1, root 'root:/') mounted
[2022.12.09-00.17.17:351][  0]LogShaderLibrary: Display: ShaderCodeLibraryPakFileMountedCallback: pending pak file info (ChunkID:-1 Root:root:/ File:E:/New folder/New folder/unreal/UE_4.27/FeaturePacks/TP_2DSideScroller.upack)
[2022.12.09-00.17.17:351][  0]LogPakFile: OnPakFileMounted2Time == 0.000038
[2022.12.09-00.17.17:352][  0]LogPakFile: PakFile PrimaryIndexSize=192
[2022.12.09-00.17.17:352][  0]LogPakFile: PakFile PathHashIndexSize=101
[2022.12.09-00.17.17:352][  0]LogPakFile: PakFile FullDirectoryIndexSize=158
[2022.12.09-00.17.17:352][  0]LogShaderLibrary: Display: ShaderCodeLibraryPakFileMountedCallback: PakFile 'E:/New folder/New folder/unreal/UE_4.27/FeaturePacks/TP_2DSideScrollerBP.upack' (chunk index -1, root 'root:/') mounted
[2022.12.09-00.17.17:352][  0]LogShaderLibrary: Display: ShaderCodeLibraryPakFileMountedCallback: pending pak file info (ChunkID:-1 Root:root:/ File:E:/New folder/New folder/unreal/UE_4.27/FeaturePacks/TP_2DSideScrollerBP.upack)
[2022.12.09-00.17.17:352][  0]LogPakFile: OnPakFileMounted2Time == 0.000044
[2022.12.09-00.17.17:353][  0]LogPakFile: PakFile PrimaryIndexSize=182
[2022.12.09-00.17.17:353][  0]LogPakFile: PakFile PathHashIndexSize=101
[2022.12.09-00.17.17:353][  0]LogPakFile: PakFile FullDirectoryIndexSize=138
[2022.12.09-00.17.17:353][  0]LogShaderLibrary: Display: ShaderCodeLibraryPakFileMountedCallback: PakFile 'E:/New folder/New folder/unreal/UE_4.27/FeaturePacks/TP_Flying.upack' (chunk index -1, root 'root:/') mounted
[2022.12.09-00.17.17:353][  0]LogShaderLibrary: Display: ShaderCodeLibraryPakFileMountedCallback: pending pak file info (ChunkID:-1 Root:root:/ File:E:/New folder/New folder/unreal/UE_4.27/FeaturePacks/TP_Flying.upack)
[2022.12.09-00.17.17:353][  0]LogPakFile: OnPakFileMounted2Time == 0.000041
[2022.12.09-00.17.17:354][  0]LogPakFile: PakFile PrimaryIndexSize=184
[2022.12.09-00.17.17:354][  0]LogPakFile: PakFile PathHashIndexSize=101
[2022.12.09-00.17.17:354][  0]LogPakFile: PakFile FullDirectoryIndexSize=142
[2022.12.09-00.17.17:354][  0]LogShaderLibrary: Display: ShaderCodeLibraryPakFileMountedCallback: PakFile 'E:/New folder/New folder/unreal/UE_4.27/FeaturePacks/TP_FlyingBP.upack' (chunk index -1, root 'root:/') mounted
[2022.12.09-00.17.17:354][  0]LogShaderLibrary: Display: ShaderCodeLibraryPakFileMountedCallback: pending pak file info (ChunkID:-1 Root:root:/ File:E:/New folder/New folder/unreal/UE_4.27/FeaturePacks/TP_FlyingBP.upack)
[2022.12.09-00.17.17:354][  0]LogPakFile: OnPakFileMounted2Time == 0.000039
[2022.12.09-00.17.17:355][  0]LogPakFile: PakFile PrimaryIndexSize=188
[2022.12.09-00.17.17:355][  0]LogPakFile: PakFile PathHashIndexSize=101
[2022.12.09-00.17.17:355][  0]LogPakFile: PakFile FullDirectoryIndexSize=150
[2022.12.09-00.17.17:355][  0]LogShaderLibrary: Display: ShaderCodeLibraryPakFileMountedCallback: PakFile 'E:/New folder/New folder/unreal/UE_4.27/FeaturePacks/TP_HandheldARBP.upack' (chunk index -1, root 'root:/') mounted
[2022.12.09-00.17.17:355][  0]LogShaderLibrary: Display: ShaderCodeLibraryPakFileMountedCallback: pending pak file info (ChunkID:-1 Root:root:/ File:E:/New folder/New folder/unreal/UE_4.27/FeaturePacks/TP_HandheldARBP.upack)
[2022.12.09-00.17.17:355][  0]LogPakFile: OnPakFileMounted2Time == 0.000037
[2022.12.09-00.17.17:356][  0]LogPakFile: PakFile PrimaryIndexSize=182
[2022.12.09-00.17.17:356][  0]LogPakFile: PakFile PathHashIndexSize=101
[2022.12.09-00.17.17:356][  0]LogPakFile: PakFile FullDirectoryIndexSize=138
[2022.12.09-00.17.17:356][  0]LogShaderLibrary: Display: ShaderCodeLibraryPakFileMountedCallback: PakFile 'E:/New folder/New folder/unreal/UE_4.27/FeaturePacks/TP_Puzzle.upack' (chunk index -1, root 'root:/') mounted
[2022.12.09-00.17.17:356][  0]LogShaderLibrary: Display: ShaderCodeLibraryPakFileMountedCallback: pending pak file info (ChunkID:-1 Root:root:/ File:E:/New folder/New folder/unreal/UE_4.27/FeaturePacks/TP_Puzzle.upack)
[2022.12.09-00.17.17:357][  0]LogPakFile: OnPakFileMounted2Time == 0.000043
[2022.12.09-00.17.17:357][  0]LogPakFile: PakFile PrimaryIndexSize=184
[2022.12.09-00.17.17:357][  0]LogPakFile: PakFile PathHashIndexSize=101
[2022.12.09-00.17.17:357][  0]LogPakFile: PakFile FullDirectoryIndexSize=142
[2022.12.09-00.17.17:357][  0]LogShaderLibrary: Display: ShaderCodeLibraryPakFileMountedCallback: PakFile 'E:/New folder/New folder/unreal/UE_4.27/FeaturePacks/TP_PuzzleBP.upack' (chunk index -1, root 'root:/') mounted
[2022.12.09-00.17.17:358][  0]LogShaderLibrary: Display: ShaderCodeLibraryPakFileMountedCallback: pending pak file info (ChunkID:-1 Root:root:/ File:E:/New folder/New folder/unreal/UE_4.27/FeaturePacks/TP_PuzzleBP.upack)
[2022.12.09-00.17.17:358][  0]LogPakFile: OnPakFileMounted2Time == 0.000048
[2022.12.09-00.17.17:358][  0]LogPakFile: PakFile PrimaryIndexSize=183
[2022.12.09-00.17.17:358][  0]LogPakFile: PakFile PathHashIndexSize=101
[2022.12.09-00.17.17:359][  0]LogPakFile: PakFile FullDirectoryIndexSize=140
[2022.12.09-00.17.17:359][  0]LogShaderLibrary: Display: ShaderCodeLibraryPakFileMountedCallback: PakFile 'E:/New folder/New folder/unreal/UE_4.27/FeaturePacks/TP_Rolling.upack' (chunk index -1, root 'root:/') mounted
[2022.12.09-00.17.17:359][  0]LogShaderLibrary: Display: ShaderCodeLibraryPakFileMountedCallback: pending pak file info (ChunkID:-1 Root:root:/ File:E:/New folder/New folder/unreal/UE_4.27/FeaturePacks/TP_Rolling.upack)
[2022.12.09-00.17.17:359][  0]LogPakFile: OnPakFileMounted2Time == 0.000037
[2022.12.09-00.17.17:360][  0]LogPakFile: PakFile PrimaryIndexSize=185
[2022.12.09-00.17.17:360][  0]LogPakFile: PakFile PathHashIndexSize=101
[2022.12.09-00.17.17:360][  0]LogPakFile: PakFile FullDirectoryIndexSize=144
[2022.12.09-00.17.17:360][  0]LogShaderLibrary: Display: ShaderCodeLibraryPakFileMountedCallback: PakFile 'E:/New folder/New folder/unreal/UE_4.27/FeaturePacks/TP_RollingBP.upack' (chunk index -1, root 'root:/') mounted
[2022.12.09-00.17.17:360][  0]LogShaderLibrary: Display: ShaderCodeLibraryPakFileMountedCallback: pending pak file info (ChunkID:-1 Root:root:/ File:E:/New folder/New folder/unreal/UE_4.27/FeaturePacks/TP_RollingBP.upack)
[2022.12.09-00.17.17:360][  0]LogPakFile: OnPakFileMounted2Time == 0.000049
[2022.12.09-00.17.17:361][  0]LogPakFile: PakFile PrimaryIndexSize=188
[2022.12.09-00.17.17:361][  0]LogPakFile: PakFile PathHashIndexSize=101
[2022.12.09-00.17.17:361][  0]LogPakFile: PakFile FullDirectoryIndexSize=150
[2022.12.09-00.17.17:361][  0]LogShaderLibrary: Display: ShaderCodeLibraryPakFileMountedCallback: PakFile 'E:/New folder/New folder/unreal/UE_4.27/FeaturePacks/TP_SideScroller.upack' (chunk index -1, root 'root:/') mounted
[2022.12.09-00.17.17:361][  0]LogShaderLibrary: Display: ShaderCodeLibraryPakFileMountedCallback: pending pak file info (ChunkID:-1 Root:root:/ File:E:/New folder/New folder/unreal/UE_4.27/FeaturePacks/TP_SideScroller.upack)
[2022.12.09-00.17.17:361][  0]LogPakFile: OnPakFileMounted2Time == 0.000039
[2022.12.09-00.17.17:362][  0]LogPakFile: PakFile PrimaryIndexSize=190
[2022.12.09-00.17.17:362][  0]LogPakFile: PakFile PathHashIndexSize=101
[2022.12.09-00.17.17:362][  0]LogPakFile: PakFile FullDirectoryIndexSize=154
[2022.12.09-00.17.17:362][  0]LogShaderLibrary: Display: ShaderCodeLibraryPakFileMountedCallback: PakFile 'E:/New folder/New folder/unreal/UE_4.27/FeaturePacks/TP_SideScrollerBP.upack' (chunk index -1, root 'root:/') mounted
[2022.12.09-00.17.17:362][  0]LogShaderLibrary: Display: ShaderCodeLibraryPakFileMountedCallback: pending pak file info (ChunkID:-1 Root:root:/ File:E:/New folder/New folder/unreal/UE_4.27/FeaturePacks/TP_SideScrollerBP.upack)
[2022.12.09-00.17.17:362][  0]LogPakFile: OnPakFileMounted2Time == 0.000039
[2022.12.09-00.17.17:363][  0]LogPakFile: PakFile PrimaryIndexSize=187
[2022.12.09-00.17.17:363][  0]LogPakFile: PakFile PathHashIndexSize=101
[2022.12.09-00.17.17:363][  0]LogPakFile: PakFile FullDirectoryIndexSize=148
[2022.12.09-00.17.17:363][  0]LogShaderLibrary: Display: ShaderCodeLibraryPakFileMountedCallback: PakFile 'E:/New folder/New folder/unreal/UE_4.27/FeaturePacks/TP_ThirdPerson.upack' (chunk index -1, root 'root:/') mounted
[2022.12.09-00.17.17:363][  0]LogShaderLibrary: Display: ShaderCodeLibraryPakFileMountedCallback: pending pak file info (ChunkID:-1 Root:root:/ File:E:/New folder/New folder/unreal/UE_4.27/FeaturePacks/TP_ThirdPerson.upack)
[2022.12.09-00.17.17:363][  0]LogPakFile: OnPakFileMounted2Time == 0.000038
[2022.12.09-00.17.17:364][  0]LogPakFile: PakFile PrimaryIndexSize=189
[2022.12.09-00.17.17:364][  0]LogPakFile: PakFile PathHashIndexSize=101
[2022.12.09-00.17.17:364][  0]LogPakFile: PakFile FullDirectoryIndexSize=152
[2022.12.09-00.17.17:364][  0]LogShaderLibrary: Display: ShaderCodeLibraryPakFileMountedCallback: PakFile 'E:/New folder/New folder/unreal/UE_4.27/FeaturePacks/TP_ThirdPersonBP.upack' (chunk index -1, root 'root:/') mounted
[2022.12.09-00.17.17:364][  0]LogShaderLibrary: Display: ShaderCodeLibraryPakFileMountedCallback: pending pak file info (ChunkID:-1 Root:root:/ File:E:/New folder/New folder/unreal/UE_4.27/FeaturePacks/TP_ThirdPersonBP.upack)
[2022.12.09-00.17.17:364][  0]LogPakFile: OnPakFileMounted2Time == 0.000038
[2022.12.09-00.17.17:365][  0]LogPakFile: PakFile PrimaryIndexSize=183
[2022.12.09-00.17.17:365][  0]LogPakFile: PakFile PathHashIndexSize=101
[2022.12.09-00.17.17:365][  0]LogPakFile: PakFile FullDirectoryIndexSize=140
[2022.12.09-00.17.17:365][  0]LogShaderLibrary: Display: ShaderCodeLibraryPakFileMountedCallback: PakFile 'E:/New folder/New folder/unreal/UE_4.27/FeaturePacks/TP_TopDown.upack' (chunk index -1, root 'root:/') mounted
[2022.12.09-00.17.17:365][  0]LogShaderLibrary: Display: ShaderCodeLibraryPakFileMountedCallback: pending pak file info (ChunkID:-1 Root:root:/ File:E:/New folder/New folder/unreal/UE_4.27/FeaturePacks/TP_TopDown.upack)
[2022.12.09-00.17.17:365][  0]LogPakFile: OnPakFileMounted2Time == 0.000049
[2022.12.09-00.17.17:366][  0]LogPakFile: PakFile PrimaryIndexSize=185
[2022.12.09-00.17.17:366][  0]LogPakFile: PakFile PathHashIndexSize=101
[2022.12.09-00.17.17:366][  0]LogPakFile: PakFile FullDirectoryIndexSize=144
[2022.12.09-00.17.17:366][  0]LogShaderLibrary: Display: ShaderCodeLibraryPakFileMountedCallback: PakFile 'E:/New folder/New folder/unreal/UE_4.27/FeaturePacks/TP_TopDownBP.upack' (chunk index -1, root 'root:/') mounted
[2022.12.09-00.17.17:366][  0]LogShaderLibrary: Display: ShaderCodeLibraryPakFileMountedCallback: pending pak file info (ChunkID:-1 Root:root:/ File:E:/New folder/New folder/unreal/UE_4.27/FeaturePacks/TP_TopDownBP.upack)
[2022.12.09-00.17.17:366][  0]LogPakFile: OnPakFileMounted2Time == 0.000044
[2022.12.09-00.17.17:367][  0]LogPakFile: PakFile PrimaryIndexSize=185
[2022.12.09-00.17.17:367][  0]LogPakFile: PakFile PathHashIndexSize=101
[2022.12.09-00.17.17:367][  0]LogPakFile: PakFile FullDirectoryIndexSize=144
[2022.12.09-00.17.17:367][  0]LogShaderLibrary: Display: ShaderCodeLibraryPakFileMountedCallback: PakFile 'E:/New folder/New folder/unreal/UE_4.27/FeaturePacks/TP_TwinStick.upack' (chunk index -1, root 'root:/') mounted
[2022.12.09-00.17.17:367][  0]LogShaderLibrary: Display: ShaderCodeLibraryPakFileMountedCallback: pending pak file info (ChunkID:-1 Root:root:/ File:E:/New folder/New folder/unreal/UE_4.27/FeaturePacks/TP_TwinStick.upack)
[2022.12.09-00.17.17:367][  0]LogPakFile: OnPakFileMounted2Time == 0.000037
[2022.12.09-00.17.17:368][  0]LogPakFile: PakFile PrimaryIndexSize=187
[2022.12.09-00.17.17:368][  0]LogPakFile: PakFile PathHashIndexSize=101
[2022.12.09-00.17.17:368][  0]LogPakFile: PakFile FullDirectoryIndexSize=148
[2022.12.09-00.17.17:368][  0]LogShaderLibrary: Display: ShaderCodeLibraryPakFileMountedCallback: PakFile 'E:/New folder/New folder/unreal/UE_4.27/FeaturePacks/TP_TwinStickBP.upack' (chunk index -1, root 'root:/') mounted
[2022.12.09-00.17.17:368][  0]LogShaderLibrary: Display: ShaderCodeLibraryPakFileMountedCallback: pending pak file info (ChunkID:-1 Root:root:/ File:E:/New folder/New folder/unreal/UE_4.27/FeaturePacks/TP_TwinStickBP.upack)
[2022.12.09-00.17.17:368][  0]LogPakFile: OnPakFileMounted2Time == 0.000037
[2022.12.09-00.17.17:369][  0]LogPakFile: PakFile PrimaryIndexSize=183
[2022.12.09-00.17.17:369][  0]LogPakFile: PakFile PathHashIndexSize=101
[2022.12.09-00.17.17:369][  0]LogPakFile: PakFile FullDirectoryIndexSize=140
[2022.12.09-00.17.17:369][  0]LogShaderLibrary: Display: ShaderCodeLibraryPakFileMountedCallback: PakFile 'E:/New folder/New folder/unreal/UE_4.27/FeaturePacks/TP_Vehicle.upack' (chunk index -1, root 'root:/') mounted
[2022.12.09-00.17.17:369][  0]LogShaderLibrary: Display: ShaderCodeLibraryPakFileMountedCallback: pending pak file info (ChunkID:-1 Root:root:/ File:E:/New folder/New folder/unreal/UE_4.27/FeaturePacks/TP_Vehicle.upack)
[2022.12.09-00.17.17:369][  0]LogPakFile: OnPakFileMounted2Time == 0.000041
[2022.12.09-00.17.17:370][  0]LogPakFile: PakFile PrimaryIndexSize=186
[2022.12.09-00.17.17:370][  0]LogPakFile: PakFile PathHashIndexSize=101
[2022.12.09-00.17.17:370][  0]LogPakFile: PakFile FullDirectoryIndexSize=146
[2022.12.09-00.17.17:370][  0]LogShaderLibrary: Display: ShaderCodeLibraryPakFileMountedCallback: PakFile 'E:/New folder/New folder/unreal/UE_4.27/FeaturePacks/TP_VehicleAdv.upack' (chunk index -1, root 'root:/') mounted
[2022.12.09-00.17.17:370][  0]LogShaderLibrary: Display: ShaderCodeLibraryPakFileMountedCallback: pending pak file info (ChunkID:-1 Root:root:/ File:E:/New folder/New folder/unreal/UE_4.27/FeaturePacks/TP_VehicleAdv.upack)
[2022.12.09-00.17.17:370][  0]LogPakFile: OnPakFileMounted2Time == 0.000038
[2022.12.09-00.17.17:371][  0]LogPakFile: PakFile PrimaryIndexSize=188
[2022.12.09-00.17.17:371][  0]LogPakFile: PakFile PathHashIndexSize=101
[2022.12.09-00.17.17:371][  0]LogPakFile: PakFile FullDirectoryIndexSize=150
[2022.12.09-00.17.17:371][  0]LogShaderLibrary: Display: ShaderCodeLibraryPakFileMountedCallback: PakFile 'E:/New folder/New folder/unreal/UE_4.27/FeaturePacks/TP_VehicleAdvBP.upack' (chunk index -1, root 'root:/') mounted
[2022.12.09-00.17.17:371][  0]LogShaderLibrary: Display: ShaderCodeLibraryPakFileMountedCallback: pending pak file info (ChunkID:-1 Root:root:/ File:E:/New folder/New folder/unreal/UE_4.27/FeaturePacks/TP_VehicleAdvBP.upack)
[2022.12.09-00.17.17:371][  0]LogPakFile: OnPakFileMounted2Time == 0.000041
[2022.12.09-00.17.17:372][  0]LogPakFile: PakFile PrimaryIndexSize=185
[2022.12.09-00.17.17:372][  0]LogPakFile: PakFile PathHashIndexSize=101
[2022.12.09-00.17.17:372][  0]LogPakFile: PakFile FullDirectoryIndexSize=144
[2022.12.09-00.17.17:372][  0]LogShaderLibrary: Display: ShaderCodeLibraryPakFileMountedCallback: PakFile 'E:/New folder/New folder/unreal/UE_4.27/FeaturePacks/TP_VehicleBP.upack' (chunk index -1, root 'root:/') mounted
[2022.12.09-00.17.17:372][  0]LogShaderLibrary: Display: ShaderCodeLibraryPakFileMountedCallback: pending pak file info (ChunkID:-1 Root:root:/ File:E:/New folder/New folder/unreal/UE_4.27/FeaturePacks/TP_VehicleBP.upack)
[2022.12.09-00.17.17:372][  0]LogPakFile: OnPakFileMounted2Time == 0.000037
[2022.12.09-00.17.17:373][  0]LogPakFile: PakFile PrimaryIndexSize=192
[2022.12.09-00.17.17:373][  0]LogPakFile: PakFile PathHashIndexSize=101
[2022.12.09-00.17.17:373][  0]LogPakFile: PakFile FullDirectoryIndexSize=158
[2022.12.09-00.17.17:373][  0]LogShaderLibrary: Display: ShaderCodeLibraryPakFileMountedCallback: PakFile 'E:/New folder/New folder/unreal/UE_4.27/FeaturePacks/TP_VirtualRealityBP.upack' (chunk index -1, root 'root:/') mounted
[2022.12.09-00.17.17:373][  0]LogShaderLibrary: Display: ShaderCodeLibraryPakFileMountedCallback: pending pak file info (ChunkID:-1 Root:root:/ File:E:/New folder/New folder/unreal/UE_4.27/FeaturePacks/TP_VirtualRealityBP.upack)
[2022.12.09-00.17.17:373][  0]LogPakFile: OnPakFileMounted2Time == 0.000037
[2022.12.09-00.17.17:463][  0]LogNativeClassHierarchy: Verbose: Native class hierarchy updated for 'AddContentDialog' in 0.0003 seconds. Added 0 classes and 0 folders.
[2022.12.09-00.17.17:465][  0]LogNativeClassHierarchy: Verbose: Native class hierarchy updated for 'SceneOutliner' in 0.0002 seconds. Added 2 classes and 0 folders.
[2022.12.09-00.17.17:571][  0]LogSlate: Took 0.000262 seconds to synchronously load lazily loaded font '../../../Engine/Content/Slate/Fonts/Roboto-Regular.ttf' (155K)
[2022.12.09-00.17.17:572][  0]LogSlate: Took 0.000165 seconds to synchronously load lazily loaded font '../../../Engine/Content/Editor/Slate/Fonts/FontAwesome.ttf' (139K)
[2022.12.09-00.17.17:573][  0]LogSlate: Took 0.000161 seconds to synchronously load lazily loaded font '../../../Engine/Content/Slate/Fonts/Roboto-Bold.ttf' (160K)
[2022.12.09-00.17.17:669][  0]LogRenderer: Reallocating scene render targets to support 1124x572 Format 10 NumSamples 1 (Frame:1).
[2022.12.09-00.17.17:753][  0]LogNativeClassHierarchy: Verbose: Native class hierarchy updated for 'HierarchicalLODOutliner' in 0.0003 seconds. Added 0 classes and 0 folders.
[2022.12.09-00.17.17:753][  0]LogLoad: (Engine Initialization) Total time: 12.38 seconds
[2022.12.09-00.17.17:753][  0]LogLoad: (Engine Initialization) Total Blueprint compile time: 0.00 seconds
[2022.12.09-00.17.17:800][  0]LogAssetRegistry: Asset discovery search completed in 5.6353 seconds
[2022.12.09-00.17.17:807][  0]LogCollectionManager: Fixed up redirectors for 0 collections in 0.000003 seconds (updated 0 objects)
[2022.12.09-00.17.17:810][  0]LogContentStreaming: Texture pool size now 1000 MB
[2022.12.09-00.17.17:874][  5]LogSlate: Took 0.000258 seconds to synchronously load lazily loaded font '../../../Engine/Content/Slate/Fonts/Roboto-Light.ttf' (167K)
[2022.12.09-00.17.18:911][109]LogSlate: Took 0.000226 seconds to synchronously load lazily loaded font '../../../Engine/Content/Slate/Fonts/Roboto-Light.ttf' (167K)
[2022.12.09-00.17.18:926][109]LogAssetEditorSubsystem: Opening Asset editor for Blueprint /Game/characters/character_Base.character_Base
[2022.12.09-00.17.19:140][109]LogNativeClassHierarchy: Verbose: Native class hierarchy updated for 'BlueprintGraph' in 0.0006 seconds. Added 126 classes and 0 folders.
[2022.12.09-00.17.20:141][109]LogAssetEditorSubsystem: Opening Asset editor for Blueprint /Game/animations/weapon/nerf/projectile.projectile
[2022.12.09-00.17.20:538][109]LogSlate: Took 0.000277 seconds to synchronously load lazily loaded font '../../../Engine/Content/Slate/Fonts/Roboto-BoldCondensed.ttf' (158K)
[2022.12.09-00.17.20:580][110]LogSlate: Took 0.000277 seconds to synchronously load lazily loaded font '../../../Engine/Content/Slate/Fonts/Roboto-Italic.ttf' (157K)
[2022.12.09-00.17.25:841][725]LogTemp: Repeating last play command: New Editor Window (PIE)
[2022.12.09-00.17.25:849][725]BlueprintLog: New page: Pre-Play auto-recompile
[2022.12.09-00.17.25:850][725]LogPlayLevel: [PlayLevel] Compiling projectile before play...
[2022.12.09-00.17.25:900][725]LogUObjectHash: Compacting FUObjectHashTables data took   2.79ms
[2022.12.09-00.17.25:901][725]LogPlayLevel: PlayLevel: Blueprint regeneration took 52 ms (1 blueprints)
[2022.12.09-00.17.25:901][725]PIE: New page: PIE session: twinstick (9 Dec 2022, 00:17:25)
[2022.12.09-00.17.25:903][725]LogOnline: OSS: Creating online subsystem instance for: NULL
[2022.12.09-00.17.25:904][725]LogOnline: OSS: TryLoadSubsystemAndSetDefault: Loaded subsystem for module [NULL]
[2022.12.09-00.17.25:904][725]LogPlayLevel: Creating play world package: /Game/Maps/UEDPIE_0_twinstick
[2022.12.09-00.17.25:907][725]LogPlayLevel: PIE: StaticDuplicateObject took: (0.003295s)
[2022.12.09-00.17.25:908][725]LogAIModule: Creating AISystem for world twinstick
[2022.12.09-00.17.25:909][725]LogPlayLevel: PIE: World Init took: (0.001226s)
[2022.12.09-00.17.25:909][725]LogPlayLevel: PIE: Created PIE world by copying editor world from /Game/Maps/twinstick.twinstick to /Game/Maps/UEDPIE_0_twinstick.twinstick (0.004679s)
[2022.12.09-00.17.25:927][725]LogUObjectHash: Compacting FUObjectHashTables data took   1.89ms
[2022.12.09-00.17.25:927][725]LogAudio: Display: Creating Audio Device:                 Id: 2, Scope: Unique, Realtime: True
[2022.12.09-00.17.25:927][725]LogAudioMixer: Display: Audio Mixer Platform Settings:
[2022.12.09-00.17.25:927][725]LogAudioMixer: Display: 	Sample Rate:						  48000
[2022.12.09-00.17.25:927][725]LogAudioMixer: Display: 	Callback Buffer Frame Size Requested: 1024
[2022.12.09-00.17.25:927][725]LogAudioMixer: Display: 	Callback Buffer Frame Size To Use:	  1024
[2022.12.09-00.17.25:928][725]LogAudioMixer: Display: 	Number of buffers to queue:			  2
[2022.12.09-00.17.25:928][725]LogAudioMixer: Display: 	Max Channels (voices):				  32
[2022.12.09-00.17.25:928][725]LogAudioMixer: Display: 	Number of Async Source Workers:		  0
[2022.12.09-00.17.25:928][725]LogAudio: Display: AudioDevice MaxSources: 32
[2022.12.09-00.17.25:928][725]LogAudio: Display: Audio Spatialization Plugin: None (built-in).
[2022.12.09-00.17.25:928][725]LogAudio: Display: Audio Reverb Plugin: None (built-in).
[2022.12.09-00.17.25:928][725]LogAudio: Display: Audio Occlusion Plugin: None (built-in).
[2022.12.09-00.17.25:928][725]LogAudioMixer: Display: Initializing audio mixer.
[2022.12.09-00.17.25:941][725]LogAudioMixer: Display: 0: FrontLeft
[2022.12.09-00.17.25:941][725]LogAudioMixer: Display: 1: FrontRight
[2022.12.09-00.17.25:954][725]LogAudioMixer: Display: Using Audio Device Speakers (HyperX Quadcast)
[2022.12.09-00.17.25:955][725]LogAudioMixer: Display: Initializing Sound Submixes...
[2022.12.09-00.17.25:955][725]LogAudioMixer: Display: Creating Master Submix 'MasterSubmixDefault'
[2022.12.09-00.17.25:955][725]LogAudioMixer: Display: Creating Master Submix 'MasterReverbSubmixDefault'
[2022.12.09-00.17.25:955][725]LogAudioMixer: Display: Creating Master Submix 'MasterEQSubmixDefault'
[2022.12.09-00.17.25:955][725]LogAudioMixer: FMixerPlatformXAudio2::StartAudioStream() called
[2022.12.09-00.17.25:955][725]LogAudioMixer: Display: Output buffers initialized: Frames=1024, Channels=2, Samples=2048
[2022.12.09-00.17.25:956][725]LogAudioMixer: Display: Starting AudioMixerPlatformInterface::RunInternal()
[2022.12.09-00.17.25:956][725]LogAudioMixer: Display: FMixerPlatformXAudio2::SubmitBuffer() called for the first time
[2022.12.09-00.17.25:956][725]LogInit: FAudioDevice initialized.
[2022.12.09-00.17.25:956][725]LogAudio: Display: Audio Device (ID: 2) registered with world 'twinstick'.
[2022.12.09-00.17.26:009][725]LogSlate: Updating window title bar state: overlay mode, drag disabled, window buttons hidden, title bar hidden
[2022.12.09-00.17.26:030][725]LogLoad: Game class is 'twistick_GM_C'
[2022.12.09-00.17.26:031][725]LogWorld: Bringing World /Game/Maps/UEDPIE_0_twinstick.twinstick up for play (max tick rate 0) at 2022.12.09-00.17.26
[2022.12.09-00.17.26:031][725]LogGameMode: Error: Mixing AGameStateBase with AGameMode is not compatible. Change AGameStateBase subclass (GameStateBase) to derive from AGameState, or make both derive from Base
[2022.12.09-00.17.26:031][725]LogWorld: Bringing up level for play took: 0.000731
[2022.12.09-00.17.26:031][725]LogOnline: OSS: Creating online subsystem instance for: :Context_6
[2022.12.09-00.17.26:035][725]LogNativeClassHierarchy: Verbose: Native class hierarchy updated for 'MovieSceneCapture' in 0.0003 seconds. Added 20 classes and 0 folders.
[2022.12.09-00.17.26:036][725]LogGameMode: Display: Match State Changed from EnteringMap to WaitingToStart
[2022.12.09-00.17.26:036][725]LogGameMode: Display: Match State Changed from WaitingToStart to InProgress
[2022.12.09-00.17.26:039][725]PIE: Server logged in
[2022.12.09-00.17.26:040][725]PIE: Play in editor total start time 0.194 seconds.
[2022.12.09-00.17.26:047][725]LogSlate: New Slate User Created.  User Index 1, Is Virtual User: 0
[2022.12.09-00.17.26:048][725]LogSlate: Slate User Registered.  User Index 1, Is Virtual User: 0
[2022.12.09-00.17.26:082][726]LogRenderer: Reallocating scene render targets to support 1912x1008 Format 10 NumSamples 1 (Frame:1).
[2022.12.09-00.17.29:863][136]LogBlueprintUserMessages: [projectile_C_1] death
[2022.12.09-00.17.30:061][160]LogBlueprintUserMessages: [projectile_C_2] death
[2022.12.09-00.17.30:261][184]LogBlueprintUserMessages: [projectile_C_3] death
[2022.12.09-00.17.30:461][208]LogBlueprintUserMessages: [projectile_C_4] death
[2022.12.09-00.17.30:661][232]LogBlueprintUserMessages: [projectile_C_5] death
[2022.12.09-00.17.30:864][256]LogBlueprintUserMessages: [projectile_C_6] death
[2022.12.09-00.17.31:060][280]LogBlueprintUserMessages: [projectile_C_7] death
[2022.12.09-00.17.31:261][304]LogBlueprintUserMessages: [projectile_C_8] death
[2022.12.09-00.17.31:461][328]LogBlueprintUserMessages: [projectile_C_9] death
[2022.12.09-00.17.31:662][352]LogBlueprintUserMessages: [projectile_C_10] death
[2022.12.09-00.17.33:617][583]LogSlate: Updating window title bar state: overlay mode, drag disabled, window buttons hidden, title bar hidden
[2022.12.09-00.17.33:617][583]LogWorld: BeginTearingDown for /Game/Maps/UEDPIE_0_twinstick
[2022.12.09-00.17.33:618][583]LogSlate: Window 'blank Preview [NetMode: Standalone]  (64-bit/Windows) ' being destroyed
[2022.12.09-00.17.33:621][583]LogWorld: UWorld::CleanupWorld for twinstick, bSessionEnded=true, bCleanupResources=true
[2022.12.09-00.17.33:622][583]LogSlate: InvalidateAllWidgets triggered.  All widgets were invalidated
[2022.12.09-00.17.33:629][583]LogPlayLevel: Display: Shutting down PIE online subsystems
[2022.12.09-00.17.33:633][583]LogSlate: InvalidateAllWidgets triggered.  All widgets were invalidated
[2022.12.09-00.17.33:659][583]LogAudioMixer: FMixerPlatformXAudio2::StopAudioStream() called
[2022.12.09-00.17.33:660][583]LogAudioMixer: FMixerPlatformXAudio2::StopAudioStream() called
[2022.12.09-00.17.33:685][583]LogUObjectHash: Compacting FUObjectHashTables data took   4.19ms
[2022.12.09-00.17.33:703][584]LogPlayLevel: Display: Destroying online subsystem :Context_6
